[0512/210857.904:ERROR:quota_settings.cc(95)] Unable to compute QuotaSettings.
[0512/210857.904:WARNING:quota_manager.cc(1629)] No storage quota provided in QuotaSettings.
[0512/210905.461:ERROR:render_media_log.cc(30)] MediaEvent: MEDIA_ERROR_LOG_ENTRY {"error":"FFmpegDemuxer: open context failed"}
[0512/210905.461:ERROR:render_media_log.cc(30)] MediaEvent: PIPELINE_ERROR DEMUXER_ERROR_COULD_NOT_OPEN
[0512/211138.387:ERROR:quota_settings.cc(95)] Unable to compute QuotaSettings.
[0512/211138.387:WARNING:quota_manager.cc(1629)] No storage quota provided in QuotaSettings.
[0512/211145.309:ERROR:render_media_log.cc(30)] MediaEvent: MEDIA_ERROR_LOG_ENTRY {"error":"FFmpegDemuxer: open context failed"}
[0512/211145.309:ERROR:render_media_log.cc(30)] MediaEvent: PIPELINE_ERROR DEMUXER_ERROR_COULD_NOT_OPEN
[0512/212357.693:ERROR:quota_settings.cc(95)] Unable to compute QuotaSettings.
[0512/212357.693:WARNING:quota_manager.cc(1629)] No storage quota provided in QuotaSettings.
[0512/212404.447:ERROR:render_media_log.cc(30)] MediaEvent: MEDIA_ERROR_LOG_ENTRY {"error":"FFmpegDemuxer: open context failed"}
[0512/212404.447:ERROR:render_media_log.cc(30)] MediaEvent: PIPELINE_ERROR DEMUXER_ERROR_COULD_NOT_OPEN
[0512/213438.202:ERROR:quota_settings.cc(95)] Unable to compute QuotaSettings.
[0512/213438.203:WARNING:quota_manager.cc(1629)] No storage quota provided in QuotaSettings.
[0512/213443.305:ERROR:render_media_log.cc(30)] MediaEvent: MEDIA_ERROR_LOG_ENTRY {"error":"FFmpegDemuxer: open context failed"}
[0512/213443.306:ERROR:render_media_log.cc(30)] MediaEvent: PIPELINE_ERROR DEMUXER_ERROR_COULD_NOT_OPEN
[0512/213637.978:ERROR:quota_settings.cc(95)] Unable to compute QuotaSettings.
[0512/213637.979:WARNING:quota_manager.cc(1629)] No storage quota provided in QuotaSettings.
[0512/213639.602:INFO:CONSOLE(0)] "Failed to decode downloaded font: https://fonts.gstatic.com/stats/Roboto/normal/500", source: https://web.whatsapp.com/ (0)
[0512/213639.602:INFO:CONSOLE(0)] "Failed to decode downloaded font: https://fonts.gstatic.com/stats/Roboto/normal/500", source: https://web.whatsapp.com/ (0)
[0512/213639.602:INFO:CONSOLE(0)] "Failed to decode downloaded font: https://fonts.gstatic.com/stats/Roboto/normal/500", source: https://web.whatsapp.com/ (0)
[0512/213639.602:INFO:CONSOLE(0)] "Failed to decode downloaded font: https://fonts.gstatic.com/stats/Roboto/normal/500", source: https://web.whatsapp.com/ (0)
[0512/213639.675:INFO:CONSOLE(0)] "Failed to decode downloaded font: https://fonts.gstatic.com/stats/Roboto/normal/500", source: https://web.whatsapp.com/ (0)
[0512/213639.706:INFO:CONSOLE(0)] "Failed to decode downloaded font: https://fonts.gstatic.com/stats/Roboto/normal/500", source: https://web.whatsapp.com/ (0)
[0512/213639.742:INFO:CONSOLE(0)] "Failed to decode downloaded font: https://fonts.gstatic.com/stats/Roboto/normal/500", source: https://web.whatsapp.com/ (0)
[0512/213639.773:INFO:CONSOLE(0)] "Failed to decode downloaded font: https://fonts.gstatic.com/stats/Roboto/normal/500", source: https://web.whatsapp.com/ (0)
[0512/213639.807:INFO:CONSOLE(0)] "Failed to decode downloaded font: https://fonts.gstatic.com/stats/Roboto/normal/500", source: https://web.whatsapp.com/ (0)
[0512/213639.841:INFO:CONSOLE(0)] "Failed to decode downloaded font: https://fonts.gstatic.com/stats/Roboto/normal/500", source: https://web.whatsapp.com/ (0)
[0512/213639.874:INFO:CONSOLE(0)] "Failed to decode downloaded font: https://fonts.gstatic.com/stats/Roboto/normal/500", source: https://web.whatsapp.com/ (0)
[0512/213639.906:INFO:CONSOLE(0)] "Failed to decode downloaded font: https://fonts.gstatic.com/stats/Roboto/normal/500", source: https://web.whatsapp.com/ (0)
[0512/213639.942:INFO:CONSOLE(0)] "Failed to decode downloaded font: https://fonts.gstatic.com/stats/Roboto/normal/500", source: https://web.whatsapp.com/ (0)
[0512/213639.973:INFO:CONSOLE(0)] "Failed to decode downloaded font: https://fonts.gstatic.com/stats/Roboto/normal/500", source: https://web.whatsapp.com/ (0)
[0512/213640.006:INFO:CONSOLE(0)] "Failed to decode downloaded font: https://fonts.gstatic.com/stats/Roboto/normal/500", source: https://web.whatsapp.com/ (0)
[0512/213640.039:INFO:CONSOLE(0)] "Failed to decode downloaded font: https://fonts.gstatic.com/stats/Roboto/normal/500", source: https://web.whatsapp.com/ (0)
[0512/213640.074:INFO:CONSOLE(0)] "Failed to decode downloaded font: https://fonts.gstatic.com/stats/Roboto/normal/500", source: https://web.whatsapp.com/ (0)
[0512/213640.108:INFO:CONSOLE(0)] "Failed to decode downloaded font: https://fonts.gstatic.com/stats/Roboto/normal/500", source: https://web.whatsapp.com/ (0)
[0512/213640.140:INFO:CONSOLE(0)] "Failed to decode downloaded font: https://fonts.gstatic.com/stats/Roboto/normal/500", source: https://web.whatsapp.com/ (0)
[0512/213641.377:INFO:CONSOLE(0)] "Failed to decode downloaded font: https://fonts.gstatic.com/stats/Roboto/normal/500", source: https://web.whatsapp.com/ (0)
[0512/213641.377:ERROR:render_media_log.cc(30)] MediaEvent: MEDIA_ERROR_LOG_ENTRY {"error":"FFmpegDemuxer: open context failed"}
[0512/213641.378:ERROR:render_media_log.cc(30)] MediaEvent: PIPELINE_ERROR DEMUXER_ERROR_COULD_NOT_OPEN
[0512/213649.773:INFO:CONSOLE(0)] "Failed to decode downloaded font: https://fonts.gstatic.com/stats/Roboto/normal/500", source: https://web.whatsapp.com/ (0)
[0512/213725.141:INFO:CONSOLE(0)] "Failed to decode downloaded font: https://fonts.gstatic.com/stats/Roboto/normal/500", source: https://web.whatsapp.com/ (0)
[0512/213725.187:INFO:CONSOLE(0)] "Failed to decode downloaded font: https://fonts.gstatic.com/stats/Roboto/normal/500", source: https://web.whatsapp.com/ (0)
[0512/213725.252:INFO:CONSOLE(0)] "Failed to decode downloaded font: https://fonts.gstatic.com/stats/Roboto/normal/500", source: https://web.whatsapp.com/ (0)
[0512/213725.305:INFO:CONSOLE(0)] "Failed to decode downloaded font: https://fonts.gstatic.com/stats/Roboto/normal/500", source: https://web.whatsapp.com/ (0)
[0512/213725.503:INFO:CONSOLE(0)] "Failed to decode downloaded font: https://fonts.gstatic.com/stats/Roboto/normal/500", source: https://web.whatsapp.com/ (0)
[0512/213726.122:INFO:CONSOLE(0)] "Failed to decode downloaded font: https://fonts.gstatic.com/stats/Roboto/normal/500", source: https://web.whatsapp.com/ (0)
[0512/213726.175:INFO:CONSOLE(0)] "Failed to decode downloaded font: https://fonts.gstatic.com/stats/Roboto/normal/500", source: https://web.whatsapp.com/ (0)
[0512/213726.868:INFO:CONSOLE(0)] "Failed to decode downloaded font: https://fonts.gstatic.com/stats/Roboto/normal/500", source: https://web.whatsapp.com/ (0)
[0512/213726.970:INFO:CONSOLE(0)] "Failed to decode downloaded font: https://fonts.gstatic.com/stats/Roboto/normal/500", source: https://web.whatsapp.com/ (0)
[0512/213727.048:INFO:CONSOLE(0)] "Failed to decode downloaded font: https://fonts.gstatic.com/stats/Roboto/normal/500", source: https://web.whatsapp.com/ (0)
[0512/213738.436:ERROR:quota_settings.cc(95)] Unable to compute QuotaSettings.
[0512/213738.436:WARNING:quota_manager.cc(1629)] No storage quota provided in QuotaSettings.
[0512/213938.851:INFO:CONSOLE(0)] "Failed to decode downloaded font: https://fonts.gstatic.com/stats/Roboto/normal/500", source: https://web.whatsapp.com/ (0)
[0512/214117.397:ERROR:quota_settings.cc(95)] Unable to compute QuotaSettings.
[0512/214117.398:WARNING:quota_manager.cc(1629)] No storage quota provided in QuotaSettings.
[0512/214122.994:ERROR:render_media_log.cc(30)] MediaEvent: MEDIA_ERROR_LOG_ENTRY {"error":"FFmpegDemuxer: open context failed"}
[0512/214122.994:ERROR:render_media_log.cc(30)] MediaEvent: PIPELINE_ERROR DEMUXER_ERROR_COULD_NOT_OPEN
[0512/214238.385:ERROR:quota_settings.cc(95)] Unable to compute QuotaSettings.
[0512/214238.385:WARNING:quota_manager.cc(1629)] No storage quota provided in QuotaSettings.
[0512/214243.993:ERROR:render_media_log.cc(30)] MediaEvent: MEDIA_ERROR_LOG_ENTRY {"error":"FFmpegDemuxer: open context failed"}
[0512/214243.993:ERROR:render_media_log.cc(30)] MediaEvent: PIPELINE_ERROR DEMUXER_ERROR_COULD_NOT_OPEN
[0512/215406.888:ERROR:quota_settings.cc(95)] Unable to compute QuotaSettings.
[0512/215406.888:WARNING:quota_manager.cc(1629)] No storage quota provided in QuotaSettings.
[0512/215413.468:ERROR:render_media_log.cc(30)] MediaEvent: MEDIA_ERROR_LOG_ENTRY {"error":"FFmpegDemuxer: open context failed"}
[0512/215413.468:ERROR:render_media_log.cc(30)] MediaEvent: PIPELINE_ERROR DEMUXER_ERROR_COULD_NOT_OPEN
[0512/220604.635:ERROR:shader_disk_cache.cc(238)] Failed to create shader cache entry: -2
[0512/220604.636:ERROR:shader_disk_cache.cc(238)] Failed to create shader cache entry: -2
[0512/220607.916:ERROR:render_media_log.cc(30)] MediaEvent: MEDIA_ERROR_LOG_ENTRY {"error":"FFmpegDemuxer: open context failed"}
[0512/220607.919:ERROR:render_media_log.cc(30)] MediaEvent: PIPELINE_ERROR DEMUXER_ERROR_COULD_NOT_OPEN
[0512/220715.253:ERROR:render_media_log.cc(30)] MediaEvent: MEDIA_ERROR_LOG_ENTRY {"error":"FFmpegDemuxer: open context failed"}
[0512/220715.261:ERROR:render_media_log.cc(30)] MediaEvent: PIPELINE_ERROR DEMUXER_ERROR_COULD_NOT_OPEN
[0512/220948.949:ERROR:render_media_log.cc(30)] MediaEvent: MEDIA_ERROR_LOG_ENTRY {"error":"FFmpegDemuxer: open context failed"}
[0512/220948.950:ERROR:render_media_log.cc(30)] MediaEvent: PIPELINE_ERROR DEMUXER_ERROR_COULD_NOT_OPEN
[0512/221023.138:ERROR:render_media_log.cc(30)] MediaEvent: MEDIA_ERROR_LOG_ENTRY {"error":"FFmpegDemuxer: open context failed"}
[0512/221023.139:ERROR:render_media_log.cc(30)] MediaEvent: PIPELINE_ERROR DEMUXER_ERROR_COULD_NOT_OPEN
[0512/221426.951:ERROR:render_media_log.cc(30)] MediaEvent: MEDIA_ERROR_LOG_ENTRY {"error":"FFmpegDemuxer: open context failed"}
[0512/221426.953:ERROR:render_media_log.cc(30)] MediaEvent: PIPELINE_ERROR DEMUXER_ERROR_COULD_NOT_OPEN
[0512/222053.282:ERROR:render_media_log.cc(30)] MediaEvent: MEDIA_ERROR_LOG_ENTRY {"error":"FFmpegDemuxer: open context failed"}
[0512/222053.282:ERROR:render_media_log.cc(30)] MediaEvent: PIPELINE_ERROR DEMUXER_ERROR_COULD_NOT_OPEN
[0512/222408.282:ERROR:render_media_log.cc(30)] MediaEvent: MEDIA_ERROR_LOG_ENTRY {"error":"FFmpegDemuxer: open context failed"}
[0512/222408.282:ERROR:render_media_log.cc(30)] MediaEvent: PIPELINE_ERROR DEMUXER_ERROR_COULD_NOT_OPEN
[0512/222520.359:ERROR:render_media_log.cc(30)] MediaEvent: MEDIA_ERROR_LOG_ENTRY {"error":"FFmpegDemuxer: open context failed"}
[0512/222520.360:ERROR:render_media_log.cc(30)] MediaEvent: PIPELINE_ERROR DEMUXER_ERROR_COULD_NOT_OPEN
[0512/222556.419:ERROR:render_media_log.cc(30)] MediaEvent: MEDIA_ERROR_LOG_ENTRY {"error":"FFmpegDemuxer: open context failed"}
[0512/222556.421:ERROR:render_media_log.cc(30)] MediaEvent: PIPELINE_ERROR DEMUXER_ERROR_COULD_NOT_OPEN
[0512/223103.778:ERROR:render_media_log.cc(30)] MediaEvent: MEDIA_ERROR_LOG_ENTRY {"error":"FFmpegDemuxer: open context failed"}
[0512/223103.778:ERROR:render_media_log.cc(30)] MediaEvent: PIPELINE_ERROR DEMUXER_ERROR_COULD_NOT_OPEN
[0512/223751.757:ERROR:render_media_log.cc(30)] MediaEvent: MEDIA_ERROR_LOG_ENTRY {"error":"FFmpegDemuxer: open context failed"}
[0512/223751.757:ERROR:render_media_log.cc(30)] MediaEvent: PIPELINE_ERROR DEMUXER_ERROR_COULD_NOT_OPEN
[0512/223828.406:ERROR:render_media_log.cc(30)] MediaEvent: MEDIA_ERROR_LOG_ENTRY {"error":"FFmpegDemuxer: open context failed"}
[0512/223828.406:ERROR:render_media_log.cc(30)] MediaEvent: PIPELINE_ERROR DEMUXER_ERROR_COULD_NOT_OPEN
[0512/224148.316:ERROR:render_media_log.cc(30)] MediaEvent: MEDIA_ERROR_LOG_ENTRY {"error":"FFmpegDemuxer: open context failed"}
[0512/224148.317:ERROR:render_media_log.cc(30)] MediaEvent: PIPELINE_ERROR DEMUXER_ERROR_COULD_NOT_OPEN
[0512/224302.810:ERROR:render_media_log.cc(30)] MediaEvent: MEDIA_ERROR_LOG_ENTRY {"error":"FFmpegDemuxer: open context failed"}
[0512/224302.810:ERROR:render_media_log.cc(30)] MediaEvent: PIPELINE_ERROR DEMUXER_ERROR_COULD_NOT_OPEN
[0512/225134.014:ERROR:render_media_log.cc(30)] MediaEvent: MEDIA_ERROR_LOG_ENTRY {"error":"FFmpegDemuxer: open context failed"}
[0512/225134.014:ERROR:render_media_log.cc(30)] MediaEvent: PIPELINE_ERROR DEMUXER_ERROR_COULD_NOT_OPEN
[0512/225136.625:INFO:CONSOLE(1)] "sad", source: about:blank (1)
[0512/225151.777:INFO:CONSOLE(1)] "sad", source: about:blank (1)
[0512/225152.732:INFO:CONSOLE(1)] "sad", source: about:blank (1)
[0512/225153.188:INFO:CONSOLE(1)] "sad", source: about:blank (1)
[0512/225232.095:ERROR:render_media_log.cc(30)] MediaEvent: MEDIA_ERROR_LOG_ENTRY {"error":"FFmpegDemuxer: open context failed"}
[0512/225232.096:ERROR:render_media_log.cc(30)] MediaEvent: PIPELINE_ERROR DEMUXER_ERROR_COULD_NOT_OPEN
[0512/225232.800:INFO:CONSOLE(1)] "sad", source: about:blank (1)
[0512/225233.732:INFO:CONSOLE(1)] "sad", source: about:blank (1)
[0512/225234.861:INFO:CONSOLE(1)] "sad", source: about:blank (1)
[0512/225240.357:INFO:CONSOLE(1)] "sad", source: about:blank (1)
[0512/225329.759:ERROR:render_media_log.cc(30)] MediaEvent: MEDIA_ERROR_LOG_ENTRY {"error":"FFmpegDemuxer: open context failed"}
[0512/225329.759:ERROR:render_media_log.cc(30)] MediaEvent: PIPELINE_ERROR DEMUXER_ERROR_COULD_NOT_OPEN
[0512/225336.304:INFO:CONSOLE(1)] "sad", source: about:blank (1)
[0512/225341.548:INFO:CONSOLE(1)] "sad", source: about:blank (1)
[0512/225348.015:INFO:CONSOLE(1)] "sad", source: about:blank (1)
[0512/225412.316:INFO:CONSOLE(1)] "sad", source: about:blank (1)
[0512/225414.380:INFO:CONSOLE(1)] "sad", source: about:blank (1)
[0512/225416.044:INFO:CONSOLE(1)] "sad", source: about:blank (1)
[0512/225421.455:INFO:CONSOLE(1)] "sad", source: about:blank (1)
[0512/225448.342:ERROR:render_media_log.cc(30)] MediaEvent: MEDIA_ERROR_LOG_ENTRY {"error":"FFmpegDemuxer: open context failed"}
[0512/225448.343:ERROR:render_media_log.cc(30)] MediaEvent: PIPELINE_ERROR DEMUXER_ERROR_COULD_NOT_OPEN
[0512/225448.545:INFO:CONSOLE(1)] "sad", source: about:blank (1)
[0512/225451.065:INFO:CONSOLE(1)] "sad", source: about:blank (1)
[0512/225453.365:INFO:CONSOLE(1)] "sad", source: about:blank (1)
[0512/225458.290:INFO:CONSOLE(1)] "sad", source: about:blank (1)
[0512/225501.300:INFO:CONSOLE(1)] "sad", source: about:blank (1)
[0512/225510.157:INFO:CONSOLE(1)] "sad", source: about:blank (1)
[0512/225532.163:INFO:CONSOLE(1)] "sad", source: about:blank (1)
[0512/225535.377:INFO:CONSOLE(1)] "sad", source: about:blank (1)
[0512/225552.338:INFO:CONSOLE(1)] "sad", source: about:blank (1)
[0512/230039.041:ERROR:render_media_log.cc(30)] MediaEvent: MEDIA_ERROR_LOG_ENTRY {"error":"FFmpegDemuxer: open context failed"}
[0512/230039.042:ERROR:render_media_log.cc(30)] MediaEvent: PIPELINE_ERROR DEMUXER_ERROR_COULD_NOT_OPEN
[0512/230053.810:INFO:CONSOLE(1)] "sad", source: about:blank (1)
[0512/230117.415:INFO:CONSOLE(1)] "sad", source: about:blank (1)
[0512/230127.912:INFO:CONSOLE(1)] "sad", source: about:blank (1)
[0512/230358.462:ERROR:render_media_log.cc(30)] MediaEvent: MEDIA_ERROR_LOG_ENTRY {"error":"FFmpegDemuxer: open context failed"}
[0512/230358.463:ERROR:render_media_log.cc(30)] MediaEvent: PIPELINE_ERROR DEMUXER_ERROR_COULD_NOT_OPEN
[0512/230440.042:INFO:CONSOLE(1)] "sad", source: about:blank (1)
[0512/230901.826:ERROR:render_media_log.cc(30)] MediaEvent: MEDIA_ERROR_LOG_ENTRY {"error":"FFmpegDemuxer: open context failed"}
[0512/230901.827:ERROR:render_media_log.cc(30)] MediaEvent: PIPELINE_ERROR DEMUXER_ERROR_COULD_NOT_OPEN
[0512/231836.950:ERROR:render_media_log.cc(30)] MediaEvent: MEDIA_ERROR_LOG_ENTRY {"error":"FFmpegDemuxer: open context failed"}
[0512/231836.950:ERROR:render_media_log.cc(30)] MediaEvent: PIPELINE_ERROR DEMUXER_ERROR_COULD_NOT_OPEN
[0512/231851.870:INFO:CONSOLE(2)] "Hello", source: about:blank (2)
[0512/231852.863:INFO:CONSOLE(2)] "Hello", source: about:blank (2)
[0512/231853.862:INFO:CONSOLE(2)] "Hello", source: about:blank (2)
[0512/231854.862:INFO:CONSOLE(2)] "Hello", source: about:blank (2)
[0512/231855.862:INFO:CONSOLE(2)] "Hello", source: about:blank (2)
[0512/231856.862:INFO:CONSOLE(2)] "Hello", source: about:blank (2)
[0512/231857.863:INFO:CONSOLE(2)] "Hello", source: about:blank (2)
[0512/231858.862:INFO:CONSOLE(2)] "Hello", source: about:blank (2)
[0512/231859.863:INFO:CONSOLE(2)] "Hello", source: about:blank (2)
[0512/231900.863:INFO:CONSOLE(2)] "Hello", source: about:blank (2)
[0512/231901.862:INFO:CONSOLE(2)] "Hello", source: about:blank (2)
[0512/231902.862:INFO:CONSOLE(2)] "Hello", source: about:blank (2)
[0512/231911.795:ERROR:render_media_log.cc(30)] MediaEvent: MEDIA_ERROR_LOG_ENTRY {"error":"FFmpegDemuxer: open context failed"}
[0512/231911.795:ERROR:render_media_log.cc(30)] MediaEvent: PIPELINE_ERROR DEMUXER_ERROR_COULD_NOT_OPEN
[0512/231934.969:ERROR:render_media_log.cc(30)] MediaEvent: MEDIA_ERROR_LOG_ENTRY {"error":"FFmpegDemuxer: open context failed"}
[0512/231934.970:ERROR:render_media_log.cc(30)] MediaEvent: PIPELINE_ERROR DEMUXER_ERROR_COULD_NOT_OPEN
[0513/004131.845:ERROR:render_media_log.cc(30)] MediaEvent: MEDIA_ERROR_LOG_ENTRY {"error":"FFmpegDemuxer: open context failed"}
[0513/004131.845:ERROR:render_media_log.cc(30)] MediaEvent: PIPELINE_ERROR DEMUXER_ERROR_COULD_NOT_OPEN
[0513/004429.226:ERROR:render_media_log.cc(30)] MediaEvent: MEDIA_ERROR_LOG_ENTRY {"error":"FFmpegDemuxer: open context failed"}
[0513/004429.227:ERROR:render_media_log.cc(30)] MediaEvent: PIPELINE_ERROR DEMUXER_ERROR_COULD_NOT_OPEN
[0513/005554.107:ERROR:render_media_log.cc(30)] MediaEvent: MEDIA_ERROR_LOG_ENTRY {"error":"FFmpegDemuxer: open context failed"}
[0513/005554.108:ERROR:render_media_log.cc(30)] MediaEvent: PIPELINE_ERROR DEMUXER_ERROR_COULD_NOT_OPEN
[0513/005618.859:INFO:CONSOLE(4)] "inicio", source: about:blank (4)
[0513/005618.869:INFO:CONSOLE(11)] "fin", source: about:blank (11)
[0513/005719.656:ERROR:render_media_log.cc(30)] MediaEvent: MEDIA_ERROR_LOG_ENTRY {"error":"FFmpegDemuxer: open context failed"}
[0513/005719.657:ERROR:render_media_log.cc(30)] MediaEvent: PIPELINE_ERROR DEMUXER_ERROR_COULD_NOT_OPEN
[0513/011648.262:ERROR:render_media_log.cc(30)] MediaEvent: MEDIA_ERROR_LOG_ENTRY {"error":"FFmpegDemuxer: open context failed"}
[0513/011648.263:ERROR:render_media_log.cc(30)] MediaEvent: PIPELINE_ERROR DEMUXER_ERROR_COULD_NOT_OPEN
[0513/011711.857:ERROR:render_media_log.cc(30)] MediaEvent: MEDIA_ERROR_LOG_ENTRY {"error":"FFmpegDemuxer: open context failed"}
[0513/011711.857:ERROR:render_media_log.cc(30)] MediaEvent: PIPELINE_ERROR DEMUXER_ERROR_COULD_NOT_OPEN
[0513/011830.230:ERROR:render_media_log.cc(30)] MediaEvent: MEDIA_ERROR_LOG_ENTRY {"error":"FFmpegDemuxer: open context failed"}
[0513/011830.230:ERROR:render_media_log.cc(30)] MediaEvent: PIPELINE_ERROR DEMUXER_ERROR_COULD_NOT_OPEN
[0513/012002.052:ERROR:render_media_log.cc(30)] MediaEvent: MEDIA_ERROR_LOG_ENTRY {"error":"FFmpegDemuxer: open context failed"}
[0513/012002.053:ERROR:render_media_log.cc(30)] MediaEvent: PIPELINE_ERROR DEMUXER_ERROR_COULD_NOT_OPEN
[0513/012108.743:ERROR:render_media_log.cc(30)] MediaEvent: MEDIA_ERROR_LOG_ENTRY {"error":"FFmpegDemuxer: open context failed"}
[0513/012108.743:ERROR:render_media_log.cc(30)] MediaEvent: PIPELINE_ERROR DEMUXER_ERROR_COULD_NOT_OPEN
[0513/013338.756:ERROR:render_media_log.cc(30)] MediaEvent: MEDIA_ERROR_LOG_ENTRY {"error":"FFmpegDemuxer: open context failed"}
[0513/013338.757:ERROR:render_media_log.cc(30)] MediaEvent: PIPELINE_ERROR DEMUXER_ERROR_COULD_NOT_OPEN
[0513/013621.314:ERROR:render_media_log.cc(30)] MediaEvent: MEDIA_ERROR_LOG_ENTRY {"error":"FFmpegDemuxer: open context failed"}
[0513/013621.316:ERROR:render_media_log.cc(30)] MediaEvent: PIPELINE_ERROR DEMUXER_ERROR_COULD_NOT_OPEN
[0513/013720.447:ERROR:render_media_log.cc(30)] MediaEvent: MEDIA_ERROR_LOG_ENTRY {"error":"FFmpegDemuxer: open context failed"}
[0513/013720.448:ERROR:render_media_log.cc(30)] MediaEvent: PIPELINE_ERROR DEMUXER_ERROR_COULD_NOT_OPEN
[0513/013733.271:INFO:CONSOLE(0)] "WebSocket connection to 'wss://w7.web.whatsapp.com/ws' failed: WebSocket is closed before the connection is established.", source: https://web.whatsapp.com/ (0)
[0513/013853.339:ERROR:render_media_log.cc(30)] MediaEvent: MEDIA_ERROR_LOG_ENTRY {"error":"FFmpegDemuxer: open context failed"}
[0513/013853.339:ERROR:render_media_log.cc(30)] MediaEvent: PIPELINE_ERROR DEMUXER_ERROR_COULD_NOT_OPEN
[0513/013936.719:ERROR:render_media_log.cc(30)] MediaEvent: MEDIA_ERROR_LOG_ENTRY {"error":"FFmpegDemuxer: open context failed"}
[0513/013936.719:ERROR:render_media_log.cc(30)] MediaEvent: PIPELINE_ERROR DEMUXER_ERROR_COULD_NOT_OPEN
[0513/014339.493:ERROR:render_media_log.cc(30)] MediaEvent: MEDIA_ERROR_LOG_ENTRY {"error":"FFmpegDemuxer: open context failed"}
[0513/014339.494:ERROR:render_media_log.cc(30)] MediaEvent: PIPELINE_ERROR DEMUXER_ERROR_COULD_NOT_OPEN
[0513/014826.116:ERROR:render_media_log.cc(30)] MediaEvent: MEDIA_ERROR_LOG_ENTRY {"error":"FFmpegDemuxer: open context failed"}
[0513/014826.117:ERROR:render_media_log.cc(30)] MediaEvent: PIPELINE_ERROR DEMUXER_ERROR_COULD_NOT_OPEN
[0513/014907.650:ERROR:render_media_log.cc(30)] MediaEvent: MEDIA_ERROR_LOG_ENTRY {"error":"FFmpegDemuxer: open context failed"}
[0513/014907.651:ERROR:render_media_log.cc(30)] MediaEvent: PIPELINE_ERROR DEMUXER_ERROR_COULD_NOT_OPEN
[0513/020356.305:ERROR:render_media_log.cc(30)] MediaEvent: MEDIA_ERROR_LOG_ENTRY {"error":"FFmpegDemuxer: open context failed"}
[0513/020356.305:ERROR:render_media_log.cc(30)] MediaEvent: PIPELINE_ERROR DEMUXER_ERROR_COULD_NOT_OPEN
[0513/020416.478:INFO:CONSOLE(4)] "Uncaught SyntaxError: Illegal return statement", source: about:blank (4)
[0513/020547.658:ERROR:render_media_log.cc(30)] MediaEvent: MEDIA_ERROR_LOG_ENTRY {"error":"FFmpegDemuxer: open context failed"}
[0513/020547.658:ERROR:render_media_log.cc(30)] MediaEvent: PIPELINE_ERROR DEMUXER_ERROR_COULD_NOT_OPEN
[0513/020551.354:INFO:CONSOLE(0)] "WebSocket connection to 'wss://w8.web.whatsapp.com/ws' failed: WebSocket is closed before the connection is established.", source: https://web.whatsapp.com/ (0)
[0513/020602.403:INFO:CONSOLE(4)] "71", source: about:blank (4)
[0513/020619.694:INFO:CONSOLE(4)] "71", source: about:blank (4)
[0513/020651.671:ERROR:render_media_log.cc(30)] MediaEvent: MEDIA_ERROR_LOG_ENTRY {"error":"FFmpegDemuxer: open context failed"}
[0513/020651.672:ERROR:render_media_log.cc(30)] MediaEvent: PIPELINE_ERROR DEMUXER_ERROR_COULD_NOT_OPEN
[0513/020656.622:INFO:CONSOLE(4)] "71", source: about:blank (4)
[0513/020847.423:ERROR:render_media_log.cc(30)] MediaEvent: MEDIA_ERROR_LOG_ENTRY {"error":"FFmpegDemuxer: open context failed"}
[0513/020847.424:ERROR:render_media_log.cc(30)] MediaEvent: PIPELINE_ERROR DEMUXER_ERROR_COULD_NOT_OPEN
[0513/020856.748:INFO:CONSOLE(4)] "71", source: about:blank (4)
[0513/021257.304:ERROR:render_media_log.cc(30)] MediaEvent: MEDIA_ERROR_LOG_ENTRY {"error":"FFmpegDemuxer: open context failed"}
[0513/021257.306:ERROR:render_media_log.cc(30)] MediaEvent: PIPELINE_ERROR DEMUXER_ERROR_COULD_NOT_OPEN
[0513/021306.662:INFO:CONSOLE(4)] "73", source: about:blank (4)
[0513/021333.772:INFO:CONSOLE(4)] "73.5", source: about:blank (4)
[0513/021524.120:ERROR:render_media_log.cc(30)] MediaEvent: MEDIA_ERROR_LOG_ENTRY {"error":"FFmpegDemuxer: open context failed"}
[0513/021524.121:ERROR:render_media_log.cc(30)] MediaEvent: PIPELINE_ERROR DEMUXER_ERROR_COULD_NOT_OPEN
[0513/021544.217:INFO:CONSOLE(4)] "73", source: about:blank (4)
[0513/021552.172:INFO:CONSOLE(4)] "73", source: about:blank (4)
[0513/021554.156:INFO:CONSOLE(4)] "73", source: about:blank (4)
[0513/021556.123:INFO:CONSOLE(4)] "73", source: about:blank (4)
[0513/021557.459:INFO:CONSOLE(4)] "73", source: about:blank (4)
[0513/021559.092:INFO:CONSOLE(4)] "73", source: about:blank (4)
[0513/021600.483:INFO:CONSOLE(4)] "73", source: about:blank (4)
[0513/021718.060:ERROR:render_media_log.cc(30)] MediaEvent: MEDIA_ERROR_LOG_ENTRY {"error":"FFmpegDemuxer: open context failed"}
[0513/021718.062:ERROR:render_media_log.cc(30)] MediaEvent: PIPELINE_ERROR DEMUXER_ERROR_COULD_NOT_OPEN
[0513/021726.765:INFO:CONSOLE(4)] "73", source: about:blank (4)
[0513/021804.822:ERROR:render_media_log.cc(30)] MediaEvent: MEDIA_ERROR_LOG_ENTRY {"error":"FFmpegDemuxer: open context failed"}
[0513/021804.822:ERROR:render_media_log.cc(30)] MediaEvent: PIPELINE_ERROR DEMUXER_ERROR_COULD_NOT_OPEN
[0513/021811.426:INFO:CONSOLE(4)] "73", source: about:blank (4)
[0513/021822.175:ERROR:render_media_log.cc(30)] MediaEvent: MEDIA_ERROR_LOG_ENTRY {"error":"FFmpegDemuxer: open context failed"}
[0513/021822.175:ERROR:render_media_log.cc(30)] MediaEvent: PIPELINE_ERROR DEMUXER_ERROR_COULD_NOT_OPEN
[0513/021828.348:INFO:CONSOLE(4)] "73", source: about:blank (4)
[0513/021831.632:INFO:CONSOLE(4)] "73.5", source: about:blank (4)
[0513/021834.577:INFO:CONSOLE(4)] "73.5", source: about:blank (4)
[0513/021838.539:INFO:CONSOLE(4)] "73.5", source: about:blank (4)
[0513/021848.173:INFO:CONSOLE(4)] "73.5", source: about:blank (4)
[0513/022202.382:ERROR:render_media_log.cc(30)] MediaEvent: MEDIA_ERROR_LOG_ENTRY {"error":"FFmpegDemuxer: open context failed"}
[0513/022202.384:ERROR:render_media_log.cc(30)] MediaEvent: PIPELINE_ERROR DEMUXER_ERROR_COULD_NOT_OPEN
[0513/022205.746:INFO:CONSOLE(0)] "WebSocket connection to 'wss://w7.web.whatsapp.com/ws' failed: WebSocket is closed before the connection is established.", source: https://web.whatsapp.com/ (0)
[0513/022210.238:INFO:CONSOLE(4)] "73", source: about:blank (4)
[0513/022213.817:INFO:CONSOLE(4)] "73.5", source: about:blank (4)
[0513/022216.874:INFO:CONSOLE(4)] "73.5", source: about:blank (4)
[0513/022503.832:ERROR:render_media_log.cc(30)] MediaEvent: MEDIA_ERROR_LOG_ENTRY {"error":"FFmpegDemuxer: open context failed"}
[0513/022503.832:ERROR:render_media_log.cc(30)] MediaEvent: PIPELINE_ERROR DEMUXER_ERROR_COULD_NOT_OPEN
[0513/022514.079:INFO:CONSOLE(4)] "73", source: about:blank (4)
[0513/022516.765:INFO:CONSOLE(4)] "73.5", source: about:blank (4)
[0513/022524.573:INFO:CONSOLE(4)] "73.5", source: about:blank (4)
[0513/022526.764:INFO:CONSOLE(4)] "73.5", source: about:blank (4)
[0513/022527.926:INFO:CONSOLE(4)] "73.5", source: about:blank (4)
[0513/022529.181:INFO:CONSOLE(4)] "73.5", source: about:blank (4)
[0513/022530.805:INFO:CONSOLE(4)] "73.5", source: about:blank (4)
[0513/022531.573:INFO:CONSOLE(4)] "73.5", source: about:blank (4)
[0513/022659.197:ERROR:render_media_log.cc(30)] MediaEvent: MEDIA_ERROR_LOG_ENTRY {"error":"FFmpegDemuxer: open context failed"}
[0513/022659.197:ERROR:render_media_log.cc(30)] MediaEvent: PIPELINE_ERROR DEMUXER_ERROR_COULD_NOT_OPEN
[0513/022704.720:INFO:CONSOLE(4)] "73", source: about:blank (4)
[0513/022708.592:INFO:CONSOLE(4)] "73.5", source: about:blank (4)
[0513/022710.943:INFO:CONSOLE(4)] "73.5", source: about:blank (4)
[0513/022711.719:INFO:CONSOLE(4)] "73.5", source: about:blank (4)
[0513/025227.864:ERROR:render_media_log.cc(30)] MediaEvent: MEDIA_ERROR_LOG_ENTRY {"error":"FFmpegDemuxer: open context failed"}
[0513/025227.864:ERROR:render_media_log.cc(30)] MediaEvent: PIPELINE_ERROR DEMUXER_ERROR_COULD_NOT_OPEN
[0513/025235.327:INFO:CONSOLE(4)] "73", source: about:blank (4)
[0513/025241.309:INFO:CONSOLE(4)] "73.5", source: about:blank (4)
[0513/025327.164:ERROR:render_media_log.cc(30)] MediaEvent: MEDIA_ERROR_LOG_ENTRY {"error":"FFmpegDemuxer: open context failed"}
[0513/025327.164:ERROR:render_media_log.cc(30)] MediaEvent: PIPELINE_ERROR DEMUXER_ERROR_COULD_NOT_OPEN
[0513/032241.905:ERROR:render_media_log.cc(30)] MediaEvent: MEDIA_ERROR_LOG_ENTRY {"error":"FFmpegDemuxer: open context failed"}
[0513/032241.905:ERROR:render_media_log.cc(30)] MediaEvent: PIPELINE_ERROR DEMUXER_ERROR_COULD_NOT_OPEN
[0513/151930.777:ERROR:render_media_log.cc(30)] MediaEvent: MEDIA_ERROR_LOG_ENTRY {"error":"FFmpegDemuxer: open context failed"}
[0513/151930.777:ERROR:render_media_log.cc(30)] MediaEvent: PIPELINE_ERROR DEMUXER_ERROR_COULD_NOT_OPEN
[0513/152206.857:ERROR:render_media_log.cc(30)] MediaEvent: MEDIA_ERROR_LOG_ENTRY {"error":"FFmpegDemuxer: open context failed"}
[0513/152206.857:ERROR:render_media_log.cc(30)] MediaEvent: PIPELINE_ERROR DEMUXER_ERROR_COULD_NOT_OPEN
[0513/152308.768:ERROR:render_media_log.cc(30)] MediaEvent: MEDIA_ERROR_LOG_ENTRY {"error":"FFmpegDemuxer: open context failed"}
[0513/152308.769:ERROR:render_media_log.cc(30)] MediaEvent: PIPELINE_ERROR DEMUXER_ERROR_COULD_NOT_OPEN
[0513/170557.478:ERROR:render_media_log.cc(30)] MediaEvent: MEDIA_ERROR_LOG_ENTRY {"error":"FFmpegDemuxer: open context failed"}
[0513/170557.478:ERROR:render_media_log.cc(30)] MediaEvent: PIPELINE_ERROR DEMUXER_ERROR_COULD_NOT_OPEN
[0513/170934.000:ERROR:render_media_log.cc(30)] MediaEvent: MEDIA_ERROR_LOG_ENTRY {"error":"FFmpegDemuxer: open context failed"}
[0513/170934.001:ERROR:render_media_log.cc(30)] MediaEvent: PIPELINE_ERROR DEMUXER_ERROR_COULD_NOT_OPEN
[0513/171318.764:ERROR:render_media_log.cc(30)] MediaEvent: MEDIA_ERROR_LOG_ENTRY {"error":"FFmpegDemuxer: open context failed"}
[0513/171318.765:ERROR:render_media_log.cc(30)] MediaEvent: PIPELINE_ERROR DEMUXER_ERROR_COULD_NOT_OPEN
[0513/172309.843:ERROR:render_media_log.cc(30)] MediaEvent: MEDIA_ERROR_LOG_ENTRY {"error":"FFmpegDemuxer: open context failed"}
[0513/172309.844:ERROR:render_media_log.cc(30)] MediaEvent: PIPELINE_ERROR DEMUXER_ERROR_COULD_NOT_OPEN
[0513/172844.515:ERROR:render_media_log.cc(30)] MediaEvent: MEDIA_ERROR_LOG_ENTRY {"error":"FFmpegDemuxer: open context failed"}
[0513/172844.516:ERROR:render_media_log.cc(30)] MediaEvent: PIPELINE_ERROR DEMUXER_ERROR_COULD_NOT_OPEN
[0513/173547.718:ERROR:render_media_log.cc(30)] MediaEvent: MEDIA_ERROR_LOG_ENTRY {"error":"FFmpegDemuxer: open context failed"}
[0513/173547.718:ERROR:render_media_log.cc(30)] MediaEvent: PIPELINE_ERROR DEMUXER_ERROR_COULD_NOT_OPEN
[0513/173812.982:ERROR:render_media_log.cc(30)] MediaEvent: MEDIA_ERROR_LOG_ENTRY {"error":"FFmpegDemuxer: open context failed"}
[0513/173812.982:ERROR:render_media_log.cc(30)] MediaEvent: PIPELINE_ERROR DEMUXER_ERROR_COULD_NOT_OPEN
[0513/173952.713:ERROR:render_media_log.cc(30)] MediaEvent: MEDIA_ERROR_LOG_ENTRY {"error":"FFmpegDemuxer: open context failed"}
[0513/173952.714:ERROR:render_media_log.cc(30)] MediaEvent: PIPELINE_ERROR DEMUXER_ERROR_COULD_NOT_OPEN
[0513/174035.443:ERROR:render_media_log.cc(30)] MediaEvent: MEDIA_ERROR_LOG_ENTRY {"error":"FFmpegDemuxer: open context failed"}
[0513/174035.443:ERROR:render_media_log.cc(30)] MediaEvent: PIPELINE_ERROR DEMUXER_ERROR_COULD_NOT_OPEN
[0513/174328.387:ERROR:render_media_log.cc(30)] MediaEvent: MEDIA_ERROR_LOG_ENTRY {"error":"FFmpegDemuxer: open context failed"}
[0513/174328.387:ERROR:render_media_log.cc(30)] MediaEvent: PIPELINE_ERROR DEMUXER_ERROR_COULD_NOT_OPEN
[0513/175013.446:ERROR:render_media_log.cc(30)] MediaEvent: MEDIA_ERROR_LOG_ENTRY {"error":"FFmpegDemuxer: open context failed"}
[0513/175013.447:ERROR:render_media_log.cc(30)] MediaEvent: PIPELINE_ERROR DEMUXER_ERROR_COULD_NOT_OPEN
[0513/180254.542:ERROR:render_media_log.cc(30)] MediaEvent: MEDIA_ERROR_LOG_ENTRY {"error":"FFmpegDemuxer: open context failed"}
[0513/180254.543:ERROR:render_media_log.cc(30)] MediaEvent: PIPELINE_ERROR DEMUXER_ERROR_COULD_NOT_OPEN
[0513/181916.325:ERROR:render_media_log.cc(30)] MediaEvent: MEDIA_ERROR_LOG_ENTRY {"error":"FFmpegDemuxer: open context failed"}
[0513/181916.325:ERROR:render_media_log.cc(30)] MediaEvent: PIPELINE_ERROR DEMUXER_ERROR_COULD_NOT_OPEN
[0513/182632.830:ERROR:render_media_log.cc(30)] MediaEvent: MEDIA_ERROR_LOG_ENTRY {"error":"FFmpegDemuxer: open context failed"}
[0513/182632.831:ERROR:render_media_log.cc(30)] MediaEvent: PIPELINE_ERROR DEMUXER_ERROR_COULD_NOT_OPEN
[0513/182726.294:INFO:CONSOLE(3)] "Uncaught TypeError: Cannot read property 'getBoundingClientRect' of null", source: about:blank (3)
[0513/182824.825:ERROR:render_media_log.cc(30)] MediaEvent: MEDIA_ERROR_LOG_ENTRY {"error":"FFmpegDemuxer: open context failed"}
[0513/182824.825:ERROR:render_media_log.cc(30)] MediaEvent: PIPELINE_ERROR DEMUXER_ERROR_COULD_NOT_OPEN
[0513/182943.440:INFO:CONSOLE(3)] "Uncaught TypeError: Cannot read property 'getBoundingClientRect' of null", source: about:blank (3)
[0513/184459.835:ERROR:render_media_log.cc(30)] MediaEvent: MEDIA_ERROR_LOG_ENTRY {"error":"FFmpegDemuxer: open context failed"}
[0513/184459.835:ERROR:render_media_log.cc(30)] MediaEvent: PIPELINE_ERROR DEMUXER_ERROR_COULD_NOT_OPEN
[0513/184712.972:ERROR:render_media_log.cc(30)] MediaEvent: MEDIA_ERROR_LOG_ENTRY {"error":"FFmpegDemuxer: open context failed"}
[0513/184712.972:ERROR:render_media_log.cc(30)] MediaEvent: PIPELINE_ERROR DEMUXER_ERROR_COULD_NOT_OPEN
[0513/184738.634:INFO:CONSOLE(3)] "Uncaught TypeError: Cannot read property 'getBoundingClientRect' of null", source: about:blank (3)
[0513/185042.005:ERROR:render_media_log.cc(30)] MediaEvent: MEDIA_ERROR_LOG_ENTRY {"error":"FFmpegDemuxer: open context failed"}
[0513/185042.005:ERROR:render_media_log.cc(30)] MediaEvent: PIPELINE_ERROR DEMUXER_ERROR_COULD_NOT_OPEN
[0513/185107.470:INFO:CONSOLE(3)] "Uncaught TypeError: Cannot read property 'getBoundingClientRect' of null", source: about:blank (3)
[0513/185521.262:ERROR:render_media_log.cc(30)] MediaEvent: MEDIA_ERROR_LOG_ENTRY {"error":"FFmpegDemuxer: open context failed"}
[0513/185521.262:ERROR:render_media_log.cc(30)] MediaEvent: PIPELINE_ERROR DEMUXER_ERROR_COULD_NOT_OPEN
[0513/185546.068:INFO:CONSOLE(4)] "null", source: about:blank (4)
[0513/185546.070:INFO:CONSOLE(5)] "Uncaught TypeError: Cannot read property 'getBoundingClientRect' of null", source: about:blank (5)
[0513/185748.862:ERROR:render_media_log.cc(30)] MediaEvent: MEDIA_ERROR_LOG_ENTRY {"error":"FFmpegDemuxer: open context failed"}
[0513/185748.862:ERROR:render_media_log.cc(30)] MediaEvent: PIPELINE_ERROR DEMUXER_ERROR_COULD_NOT_OPEN
[0513/185813.110:INFO:CONSOLE(4)] "null", source: about:blank (4)
[0513/185813.112:INFO:CONSOLE(5)] "Uncaught TypeError: Cannot read property 'getBoundingClientRect' of null", source: about:blank (5)
[0513/190207.277:ERROR:render_media_log.cc(30)] MediaEvent: MEDIA_ERROR_LOG_ENTRY {"error":"FFmpegDemuxer: open context failed"}
[0513/190207.278:ERROR:render_media_log.cc(30)] MediaEvent: PIPELINE_ERROR DEMUXER_ERROR_COULD_NOT_OPEN
[0513/190229.754:INFO:CONSOLE(4)] "[object HTMLDivElement]", source: about:blank (4)
[0513/190232.758:INFO:CONSOLE(4)] "null", source: about:blank (4)
[0513/190232.760:INFO:CONSOLE(5)] "Uncaught TypeError: Cannot read property 'getBoundingClientRect' of null", source: about:blank (5)
[0513/190345.319:ERROR:render_media_log.cc(30)] MediaEvent: MEDIA_ERROR_LOG_ENTRY {"error":"FFmpegDemuxer: open context failed"}
[0513/190345.319:ERROR:render_media_log.cc(30)] MediaEvent: PIPELINE_ERROR DEMUXER_ERROR_COULD_NOT_OPEN
[0513/190408.158:INFO:CONSOLE(4)] "null", source: about:blank (4)
[0513/190408.160:INFO:CONSOLE(5)] "Uncaught TypeError: Cannot read property 'getBoundingClientRect' of null", source: about:blank (5)
[0513/190446.942:ERROR:render_media_log.cc(30)] MediaEvent: MEDIA_ERROR_LOG_ENTRY {"error":"FFmpegDemuxer: open context failed"}
[0513/190446.942:ERROR:render_media_log.cc(30)] MediaEvent: PIPELINE_ERROR DEMUXER_ERROR_COULD_NOT_OPEN
[0513/190623.120:ERROR:render_media_log.cc(30)] MediaEvent: MEDIA_ERROR_LOG_ENTRY {"error":"FFmpegDemuxer: open context failed"}
[0513/190623.120:ERROR:render_media_log.cc(30)] MediaEvent: PIPELINE_ERROR DEMUXER_ERROR_COULD_NOT_OPEN
[0513/190635.897:INFO:CONSOLE(4)] "[object HTMLDivElement]", source: about:blank (4)
[0513/190918.539:ERROR:render_media_log.cc(30)] MediaEvent: MEDIA_ERROR_LOG_ENTRY {"error":"FFmpegDemuxer: open context failed"}
[0513/190918.540:ERROR:render_media_log.cc(30)] MediaEvent: PIPELINE_ERROR DEMUXER_ERROR_COULD_NOT_OPEN
[0513/190938.329:INFO:CONSOLE(4)] "[object HTMLDivElement]", source: about:blank (4)
[0513/191004.119:ERROR:render_media_log.cc(30)] MediaEvent: MEDIA_ERROR_LOG_ENTRY {"error":"FFmpegDemuxer: open context failed"}
[0513/191004.120:ERROR:render_media_log.cc(30)] MediaEvent: PIPELINE_ERROR DEMUXER_ERROR_COULD_NOT_OPEN
[0513/191025.077:INFO:CONSOLE(4)] "[object HTMLDivElement]", source: about:blank (4)
[0513/191252.372:ERROR:render_media_log.cc(30)] MediaEvent: MEDIA_ERROR_LOG_ENTRY {"error":"FFmpegDemuxer: open context failed"}
[0513/191252.373:ERROR:render_media_log.cc(30)] MediaEvent: PIPELINE_ERROR DEMUXER_ERROR_COULD_NOT_OPEN
[0513/191309.508:INFO:CONSOLE(4)] "[object HTMLDivElement]", source: about:blank (4)
[0513/191354.717:INFO:CONSOLE(4)] "[object HTMLDivElement]", source: about:blank (4)
[0513/191415.298:INFO:CONSOLE(4)] "[object HTMLDivElement]", source: about:blank (4)
[0513/191433.393:INFO:CONSOLE(4)] "[object HTMLDivElement]", source: about:blank (4)
[0513/192334.031:ERROR:render_media_log.cc(30)] MediaEvent: MEDIA_ERROR_LOG_ENTRY {"error":"FFmpegDemuxer: open context failed"}
[0513/192334.032:ERROR:render_media_log.cc(30)] MediaEvent: PIPELINE_ERROR DEMUXER_ERROR_COULD_NOT_OPEN
[0513/192349.322:INFO:CONSOLE(4)] "DIV", source: about:blank (4)
[0513/192349.325:INFO:CONSOLE(7)] "Uncaught TypeError: getPosition(...).toFixed is not a function", source: about:blank (7)
[0513/192947.818:ERROR:render_media_log.cc(30)] MediaEvent: MEDIA_ERROR_LOG_ENTRY {"error":"FFmpegDemuxer: open context failed"}
[0513/192947.818:ERROR:render_media_log.cc(30)] MediaEvent: PIPELINE_ERROR DEMUXER_ERROR_COULD_NOT_OPEN
[0513/193007.590:INFO:CONSOLE(4)] "[object HTMLDivElement]", source: about:blank (4)
[0513/193118.882:ERROR:render_media_log.cc(30)] MediaEvent: MEDIA_ERROR_LOG_ENTRY {"error":"FFmpegDemuxer: open context failed"}
[0513/193118.882:ERROR:render_media_log.cc(30)] MediaEvent: PIPELINE_ERROR DEMUXER_ERROR_COULD_NOT_OPEN
[0513/193138.235:INFO:CONSOLE(4)] "[object HTMLDivElement]", source: about:blank (4)
[0513/193213.260:ERROR:render_media_log.cc(30)] MediaEvent: MEDIA_ERROR_LOG_ENTRY {"error":"FFmpegDemuxer: open context failed"}
[0513/193213.260:ERROR:render_media_log.cc(30)] MediaEvent: PIPELINE_ERROR DEMUXER_ERROR_COULD_NOT_OPEN
[0513/193225.943:INFO:CONSOLE(4)] "[object HTMLDivElement]", source: about:blank (4)
[0513/193228.947:INFO:CONSOLE(4)] "[object HTMLSpanElement]", source: about:blank (4)
[0513/193327.282:ERROR:render_media_log.cc(30)] MediaEvent: MEDIA_ERROR_LOG_ENTRY {"error":"FFmpegDemuxer: open context failed"}
[0513/193327.282:ERROR:render_media_log.cc(30)] MediaEvent: PIPELINE_ERROR DEMUXER_ERROR_COULD_NOT_OPEN
[0513/193344.537:INFO:CONSOLE(4)] "[object HTMLDivElement]", source: about:blank (4)
[0513/193347.543:INFO:CONSOLE(4)] "[object HTMLSpanElement]", source: about:blank (4)
[0513/193602.872:ERROR:render_media_log.cc(30)] MediaEvent: MEDIA_ERROR_LOG_ENTRY {"error":"FFmpegDemuxer: open context failed"}
[0513/193602.872:ERROR:render_media_log.cc(30)] MediaEvent: PIPELINE_ERROR DEMUXER_ERROR_COULD_NOT_OPEN
[0513/193916.642:INFO:CONSOLE(62)] "Uncaught (in promise) NotSupportedError: The element has no supported sources.", source: https://web.whatsapp.com/app2.dc7b5d4ae9c57e0dbe56.js (62)
[0513/193925.366:INFO:CONSOLE(62)] "Uncaught (in promise) NotSupportedError: The element has no supported sources.", source: https://web.whatsapp.com/app2.dc7b5d4ae9c57e0dbe56.js (62)
[0513/193953.575:INFO:CONSOLE(62)] "Uncaught (in promise) NotSupportedError: The element has no supported sources.", source: https://web.whatsapp.com/app2.dc7b5d4ae9c57e0dbe56.js (62)
[0513/194008.285:ERROR:shader_disk_cache.cc(238)] Failed to create shader cache entry: -2
[0513/194008.285:ERROR:shader_disk_cache.cc(238)] Failed to create shader cache entry: -2
[0513/194137.112:WARNING:angle_platform_impl.cc(51)] rx::HLSLCompiler::compileToBinary(228): 
C:\fakepath(60,10-53): warning X3571: pow(f, e) will not work for negative f, use abs(f) or conditionally handle negative values if you expect them

[0513/194137.123:WARNING:angle_platform_impl.cc(51)] rx::HLSLCompiler::compileToBinary(228): 
C:\fakepath(60,24-44): warning X3571: pow(f, e) will not work for negative f, use abs(f) or conditionally handle negative values if you expect them

[0513/201449.367:ERROR:media_internals.cc(102)] Cannot get RenderProcessHost
[0513/201449.367:ERROR:media_internals.cc(102)] Cannot get RenderProcessHost
[0513/201449.368:ERROR:media_internals.cc(102)] Cannot get RenderProcessHost
[0513/201449.368:ERROR:media_internals.cc(102)] Cannot get RenderProcessHost
[0513/201449.368:ERROR:media_internals.cc(102)] Cannot get RenderProcessHost
[0513/201449.368:ERROR:media_internals.cc(102)] Cannot get RenderProcessHost
[0513/202404.067:ERROR:render_media_log.cc(30)] MediaEvent: MEDIA_ERROR_LOG_ENTRY {"error":"FFmpegDemuxer: open context failed"}
[0513/202404.068:ERROR:render_media_log.cc(30)] MediaEvent: PIPELINE_ERROR DEMUXER_ERROR_COULD_NOT_OPEN
[0513/202948.643:ERROR:render_media_log.cc(30)] MediaEvent: MEDIA_ERROR_LOG_ENTRY {"error":"FFmpegDemuxer: open context failed"}
[0513/202948.644:ERROR:render_media_log.cc(30)] MediaEvent: PIPELINE_ERROR DEMUXER_ERROR_COULD_NOT_OPEN
[0513/203021.646:INFO:CONSOLE(4)] "[object HTMLDivElement]", source: about:blank (4)
[0513/203024.651:INFO:CONSOLE(4)] "[object HTMLSpanElement]", source: about:blank (4)
[0513/203343.476:ERROR:render_media_log.cc(30)] MediaEvent: MEDIA_ERROR_LOG_ENTRY {"error":"FFmpegDemuxer: open context failed"}
[0513/203343.477:ERROR:render_media_log.cc(30)] MediaEvent: PIPELINE_ERROR DEMUXER_ERROR_COULD_NOT_OPEN
[0513/225408.959:ERROR:render_media_log.cc(30)] MediaEvent: MEDIA_ERROR_LOG_ENTRY {"error":"FFmpegDemuxer: open context failed"}
[0513/225408.960:ERROR:render_media_log.cc(30)] MediaEvent: PIPELINE_ERROR DEMUXER_ERROR_COULD_NOT_OPEN
[0513/225628.097:ERROR:render_media_log.cc(30)] MediaEvent: MEDIA_ERROR_LOG_ENTRY {"error":"FFmpegDemuxer: open context failed"}
[0513/225628.097:ERROR:render_media_log.cc(30)] MediaEvent: PIPELINE_ERROR DEMUXER_ERROR_COULD_NOT_OPEN
[0513/225709.263:ERROR:render_media_log.cc(30)] MediaEvent: MEDIA_ERROR_LOG_ENTRY {"error":"FFmpegDemuxer: open context failed"}
[0513/225709.263:ERROR:render_media_log.cc(30)] MediaEvent: PIPELINE_ERROR DEMUXER_ERROR_COULD_NOT_OPEN
[0513/233415.363:ERROR:render_media_log.cc(30)] MediaEvent: MEDIA_ERROR_LOG_ENTRY {"error":"FFmpegDemuxer: open context failed"}
[0513/233415.365:ERROR:render_media_log.cc(30)] MediaEvent: PIPELINE_ERROR DEMUXER_ERROR_COULD_NOT_OPEN
[0513/235019.434:ERROR:render_media_log.cc(30)] MediaEvent: MEDIA_ERROR_LOG_ENTRY {"error":"FFmpegDemuxer: open context failed"}
[0513/235019.434:ERROR:render_media_log.cc(30)] MediaEvent: PIPELINE_ERROR DEMUXER_ERROR_COULD_NOT_OPEN
[0513/235050.784:ERROR:render_media_log.cc(30)] MediaEvent: MEDIA_ERROR_LOG_ENTRY {"error":"FFmpegDemuxer: open context failed"}
[0513/235050.784:ERROR:render_media_log.cc(30)] MediaEvent: PIPELINE_ERROR DEMUXER_ERROR_COULD_NOT_OPEN
[0513/235802.358:ERROR:render_media_log.cc(30)] MediaEvent: MEDIA_ERROR_LOG_ENTRY {"error":"FFmpegDemuxer: open context failed"}
[0513/235802.360:ERROR:render_media_log.cc(30)] MediaEvent: PIPELINE_ERROR DEMUXER_ERROR_COULD_NOT_OPEN
[0513/235827.186:ERROR:render_media_log.cc(30)] MediaEvent: MEDIA_ERROR_LOG_ENTRY {"error":"FFmpegDemuxer: open context failed"}
[0513/235827.186:ERROR:render_media_log.cc(30)] MediaEvent: PIPELINE_ERROR DEMUXER_ERROR_COULD_NOT_OPEN
[0513/235849.588:ERROR:render_media_log.cc(30)] MediaEvent: MEDIA_ERROR_LOG_ENTRY {"error":"FFmpegDemuxer: open context failed"}
[0513/235849.589:ERROR:render_media_log.cc(30)] MediaEvent: PIPELINE_ERROR DEMUXER_ERROR_COULD_NOT_OPEN
[0514/000012.880:ERROR:render_media_log.cc(30)] MediaEvent: MEDIA_ERROR_LOG_ENTRY {"error":"FFmpegDemuxer: open context failed"}
[0514/000012.880:ERROR:render_media_log.cc(30)] MediaEvent: PIPELINE_ERROR DEMUXER_ERROR_COULD_NOT_OPEN
[0514/000345.914:ERROR:render_media_log.cc(30)] MediaEvent: MEDIA_ERROR_LOG_ENTRY {"error":"FFmpegDemuxer: open context failed"}
[0514/000345.915:ERROR:render_media_log.cc(30)] MediaEvent: PIPELINE_ERROR DEMUXER_ERROR_COULD_NOT_OPEN
[0520/162317.761:INFO:CONSOLE(11)] "Unhandled rejection: Error: Failed to execute 'delete' on 'IDBObjectStore': No key or key range specified.
    at https://web.whatsapp.com/vendor2.520649262aa5adf9d52d.js:11:30413
    at r (https://web.whatsapp.com/vendor2.520649262aa5adf9d52d.js:11:25129)
    at https://web.whatsapp.com/vendor2.520649262aa5adf9d52d.js:11:13861
    at ct (https://web.whatsapp.com/vendor2.520649262aa5adf9d52d.js:11:10196)
    at ut (https://web.whatsapp.com/vendor2.520649262aa5adf9d52d.js:11:10092)
    at https://web.whatsapp.com/vendor2.520649262aa5adf9d52d.js:11:13836
    at https://web.whatsapp.com/vendor2.520649262aa5adf9d52d.js:12:385
    at Y (https://web.whatsapp.com/vendor2.520649262aa5adf9d52d.js:11:7491)
    at new z (https://web.whatsapp.com/vendor2.520649262aa5adf9d52d.js:11:7311)
    at https://web.whatsapp.com/vendor2.520649262aa5adf9d52d.js:12:253", source: https://web.whatsapp.com/vendor2.520649262aa5adf9d52d.js (11)
[0520/162318.024:ERROR:render_media_log.cc(30)] MediaEvent: MEDIA_ERROR_LOG_ENTRY {"error":"FFmpegDemuxer: open context failed"}
[0520/162318.489:ERROR:render_media_log.cc(30)] MediaEvent: PIPELINE_ERROR DEMUXER_ERROR_COULD_NOT_OPEN
[0520/163556.747:ERROR:media_internals.cc(102)] Cannot get RenderProcessHost
[0520/163718.855:ERROR:render_media_log.cc(30)] MediaEvent: MEDIA_ERROR_LOG_ENTRY {"error":"FFmpegDemuxer: open context failed"}
[0520/163718.856:ERROR:render_media_log.cc(30)] MediaEvent: PIPELINE_ERROR DEMUXER_ERROR_COULD_NOT_OPEN
[0520/163930.956:ERROR:media_internals.cc(102)] Cannot get RenderProcessHost
[0520/164026.168:ERROR:render_media_log.cc(30)] MediaEvent: MEDIA_ERROR_LOG_ENTRY {"error":"FFmpegDemuxer: open context failed"}
[0520/164026.168:ERROR:render_media_log.cc(30)] MediaEvent: PIPELINE_ERROR DEMUXER_ERROR_COULD_NOT_OPEN
[0520/164122.218:ERROR:render_media_log.cc(30)] MediaEvent: MEDIA_ERROR_LOG_ENTRY {"error":"FFmpegDemuxer: open context failed"}
[0520/164122.219:ERROR:render_media_log.cc(30)] MediaEvent: PIPELINE_ERROR DEMUXER_ERROR_COULD_NOT_OPEN
[0520/170855.560:ERROR:render_media_log.cc(30)] MediaEvent: MEDIA_ERROR_LOG_ENTRY {"error":"FFmpegDemuxer: open context failed"}
[0520/170855.562:ERROR:render_media_log.cc(30)] MediaEvent: PIPELINE_ERROR DEMUXER_ERROR_COULD_NOT_OPEN
[0520/170929.111:ERROR:render_media_log.cc(30)] MediaEvent: MEDIA_ERROR_LOG_ENTRY {"error":"FFmpegDemuxer: open context failed"}
[0520/170929.111:ERROR:render_media_log.cc(30)] MediaEvent: PIPELINE_ERROR DEMUXER_ERROR_COULD_NOT_OPEN
[0520/171135.855:ERROR:render_media_log.cc(30)] MediaEvent: MEDIA_ERROR_LOG_ENTRY {"error":"FFmpegDemuxer: open context failed"}
[0520/171135.855:ERROR:render_media_log.cc(30)] MediaEvent: PIPELINE_ERROR DEMUXER_ERROR_COULD_NOT_OPEN
[0520/171209.501:ERROR:render_media_log.cc(30)] MediaEvent: MEDIA_ERROR_LOG_ENTRY {"error":"FFmpegDemuxer: open context failed"}
[0520/171209.501:ERROR:render_media_log.cc(30)] MediaEvent: PIPELINE_ERROR DEMUXER_ERROR_COULD_NOT_OPEN
[0520/171310.126:ERROR:render_media_log.cc(30)] MediaEvent: MEDIA_ERROR_LOG_ENTRY {"error":"FFmpegDemuxer: open context failed"}
[0520/171310.127:ERROR:render_media_log.cc(30)] MediaEvent: PIPELINE_ERROR DEMUXER_ERROR_COULD_NOT_OPEN
[0520/171358.517:ERROR:render_media_log.cc(30)] MediaEvent: MEDIA_ERROR_LOG_ENTRY {"error":"FFmpegDemuxer: open context failed"}
[0520/171358.517:ERROR:render_media_log.cc(30)] MediaEvent: PIPELINE_ERROR DEMUXER_ERROR_COULD_NOT_OPEN
[0520/171646.111:ERROR:render_media_log.cc(30)] MediaEvent: MEDIA_ERROR_LOG_ENTRY {"error":"FFmpegDemuxer: open context failed"}
[0520/171646.112:ERROR:render_media_log.cc(30)] MediaEvent: PIPELINE_ERROR DEMUXER_ERROR_COULD_NOT_OPEN
[0520/171721.777:ERROR:render_media_log.cc(30)] MediaEvent: MEDIA_ERROR_LOG_ENTRY {"error":"FFmpegDemuxer: open context failed"}
[0520/171721.822:ERROR:render_media_log.cc(30)] MediaEvent: PIPELINE_ERROR DEMUXER_ERROR_COULD_NOT_OPEN
[0520/171822.768:ERROR:render_media_log.cc(30)] MediaEvent: MEDIA_ERROR_LOG_ENTRY {"error":"FFmpegDemuxer: open context failed"}
[0520/171822.769:ERROR:render_media_log.cc(30)] MediaEvent: PIPELINE_ERROR DEMUXER_ERROR_COULD_NOT_OPEN
[0520/171904.342:ERROR:render_media_log.cc(30)] MediaEvent: MEDIA_ERROR_LOG_ENTRY {"error":"FFmpegDemuxer: open context failed"}
[0520/171904.343:ERROR:render_media_log.cc(30)] MediaEvent: PIPELINE_ERROR DEMUXER_ERROR_COULD_NOT_OPEN
[0520/172023.711:ERROR:render_media_log.cc(30)] MediaEvent: MEDIA_ERROR_LOG_ENTRY {"error":"FFmpegDemuxer: open context failed"}
[0520/172023.712:ERROR:render_media_log.cc(30)] MediaEvent: PIPELINE_ERROR DEMUXER_ERROR_COULD_NOT_OPEN
[0520/173438.958:ERROR:render_media_log.cc(30)] MediaEvent: MEDIA_ERROR_LOG_ENTRY {"error":"FFmpegDemuxer: open context failed"}
[0520/173438.960:ERROR:render_media_log.cc(30)] MediaEvent: PIPELINE_ERROR DEMUXER_ERROR_COULD_NOT_OPEN
[0520/173604.775:ERROR:render_media_log.cc(30)] MediaEvent: MEDIA_ERROR_LOG_ENTRY {"error":"FFmpegDemuxer: open context failed"}
[0520/173604.776:ERROR:render_media_log.cc(30)] MediaEvent: PIPELINE_ERROR DEMUXER_ERROR_COULD_NOT_OPEN
[0520/173742.178:ERROR:render_media_log.cc(30)] MediaEvent: MEDIA_ERROR_LOG_ENTRY {"error":"FFmpegDemuxer: open context failed"}
[0520/173742.178:ERROR:render_media_log.cc(30)] MediaEvent: PIPELINE_ERROR DEMUXER_ERROR_COULD_NOT_OPEN
[0520/173841.271:ERROR:render_media_log.cc(30)] MediaEvent: MEDIA_ERROR_LOG_ENTRY {"error":"FFmpegDemuxer: open context failed"}
[0520/173841.273:ERROR:render_media_log.cc(30)] MediaEvent: PIPELINE_ERROR DEMUXER_ERROR_COULD_NOT_OPEN
[0520/174021.788:ERROR:render_media_log.cc(30)] MediaEvent: MEDIA_ERROR_LOG_ENTRY {"error":"FFmpegDemuxer: open context failed"}
[0520/174021.792:ERROR:render_media_log.cc(30)] MediaEvent: PIPELINE_ERROR DEMUXER_ERROR_COULD_NOT_OPEN
[0520/174430.984:ERROR:render_media_log.cc(30)] MediaEvent: MEDIA_ERROR_LOG_ENTRY {"error":"FFmpegDemuxer: open context failed"}
[0520/174430.984:ERROR:render_media_log.cc(30)] MediaEvent: PIPELINE_ERROR DEMUXER_ERROR_COULD_NOT_OPEN
[0520/175535.244:ERROR:render_media_log.cc(30)] MediaEvent: MEDIA_ERROR_LOG_ENTRY {"error":"FFmpegDemuxer: open context failed"}
[0520/175535.244:ERROR:render_media_log.cc(30)] MediaEvent: PIPELINE_ERROR DEMUXER_ERROR_COULD_NOT_OPEN
[0520/175759.082:ERROR:render_media_log.cc(30)] MediaEvent: MEDIA_ERROR_LOG_ENTRY {"error":"FFmpegDemuxer: open context failed"}
[0520/175759.083:ERROR:render_media_log.cc(30)] MediaEvent: PIPELINE_ERROR DEMUXER_ERROR_COULD_NOT_OPEN
[0520/180640.450:ERROR:render_media_log.cc(30)] MediaEvent: MEDIA_ERROR_LOG_ENTRY {"error":"FFmpegDemuxer: open context failed"}
[0520/180640.451:ERROR:render_media_log.cc(30)] MediaEvent: PIPELINE_ERROR DEMUXER_ERROR_COULD_NOT_OPEN
[0520/180756.685:ERROR:render_media_log.cc(30)] MediaEvent: MEDIA_ERROR_LOG_ENTRY {"error":"FFmpegDemuxer: open context failed"}
[0520/180756.686:ERROR:render_media_log.cc(30)] MediaEvent: PIPELINE_ERROR DEMUXER_ERROR_COULD_NOT_OPEN
[0520/180943.201:ERROR:render_media_log.cc(30)] MediaEvent: MEDIA_ERROR_LOG_ENTRY {"error":"FFmpegDemuxer: open context failed"}
[0520/180943.202:ERROR:render_media_log.cc(30)] MediaEvent: PIPELINE_ERROR DEMUXER_ERROR_COULD_NOT_OPEN
[0520/181125.356:ERROR:render_media_log.cc(30)] MediaEvent: MEDIA_ERROR_LOG_ENTRY {"error":"FFmpegDemuxer: open context failed"}
[0520/181125.356:ERROR:render_media_log.cc(30)] MediaEvent: PIPELINE_ERROR DEMUXER_ERROR_COULD_NOT_OPEN
[0520/181142.947:ERROR:render_media_log.cc(30)] MediaEvent: MEDIA_ERROR_LOG_ENTRY {"error":"FFmpegDemuxer: open context failed"}
[0520/181142.948:ERROR:render_media_log.cc(30)] MediaEvent: PIPELINE_ERROR DEMUXER_ERROR_COULD_NOT_OPEN
[0520/181650.296:ERROR:render_media_log.cc(30)] MediaEvent: MEDIA_ERROR_LOG_ENTRY {"error":"FFmpegDemuxer: open context failed"}
[0520/181650.298:ERROR:render_media_log.cc(30)] MediaEvent: PIPELINE_ERROR DEMUXER_ERROR_COULD_NOT_OPEN
[0520/181827.765:INFO:CONSOLE(4)] "[object HTMLDivElement]", source: about:blank (4)
[0520/181830.771:INFO:CONSOLE(4)] "[object HTMLSpanElement]", source: about:blank (4)
[0520/201523.219:ERROR:render_media_log.cc(30)] MediaEvent: MEDIA_ERROR_LOG_ENTRY {"error":"FFmpegDemuxer: open context failed"}
[0520/201523.220:ERROR:render_media_log.cc(30)] MediaEvent: PIPELINE_ERROR DEMUXER_ERROR_COULD_NOT_OPEN
[0520/202857.846:ERROR:render_media_log.cc(30)] MediaEvent: MEDIA_ERROR_LOG_ENTRY {"error":"FFmpegDemuxer: open context failed"}
[0520/202857.847:ERROR:render_media_log.cc(30)] MediaEvent: PIPELINE_ERROR DEMUXER_ERROR_COULD_NOT_OPEN
[0520/220210.413:ERROR:render_media_log.cc(30)] MediaEvent: MEDIA_ERROR_LOG_ENTRY {"error":"FFmpegDemuxer: open context failed"}
[0520/220210.414:ERROR:render_media_log.cc(30)] MediaEvent: PIPELINE_ERROR DEMUXER_ERROR_COULD_NOT_OPEN
[0520/220243.030:INFO:CONSOLE(4)] "[object HTMLDivElement]", source: about:blank (4)
[0520/220246.067:INFO:CONSOLE(7)] "null", source: about:blank (7)
[0520/220246.069:INFO:CONSOLE(8)] "Uncaught TypeError: Cannot read property 'getBoundingClientRect' of null", source: about:blank (8)
[0520/220550.565:ERROR:render_media_log.cc(30)] MediaEvent: MEDIA_ERROR_LOG_ENTRY {"error":"FFmpegDemuxer: open context failed"}
[0520/220550.566:ERROR:render_media_log.cc(30)] MediaEvent: PIPELINE_ERROR DEMUXER_ERROR_COULD_NOT_OPEN
[0520/221523.968:ERROR:render_media_log.cc(30)] MediaEvent: MEDIA_ERROR_LOG_ENTRY {"error":"FFmpegDemuxer: open context failed"}
[0520/221523.968:ERROR:render_media_log.cc(30)] MediaEvent: PIPELINE_ERROR DEMUXER_ERROR_COULD_NOT_OPEN
[0520/221537.161:INFO:CONSOLE(4)] "[object HTMLDivElement]", source: about:blank (4)
[0520/221539.168:INFO:CONSOLE(4)] "[object HTMLButtonElement]", source: about:blank (4)
[0520/221729.273:ERROR:render_media_log.cc(30)] MediaEvent: MEDIA_ERROR_LOG_ENTRY {"error":"FFmpegDemuxer: open context failed"}
[0520/221729.274:ERROR:render_media_log.cc(30)] MediaEvent: PIPELINE_ERROR DEMUXER_ERROR_COULD_NOT_OPEN
[0520/221742.107:INFO:CONSOLE(4)] "[object HTMLDivElement]", source: about:blank (4)
[0520/221744.113:INFO:CONSOLE(4)] "[object HTMLInputElement]", source: about:blank (4)
[0520/222310.432:ERROR:render_media_log.cc(30)] MediaEvent: MEDIA_ERROR_LOG_ENTRY {"error":"FFmpegDemuxer: open context failed"}
[0520/222310.433:ERROR:render_media_log.cc(30)] MediaEvent: PIPELINE_ERROR DEMUXER_ERROR_COULD_NOT_OPEN
[0520/222651.179:ERROR:render_media_log.cc(30)] MediaEvent: MEDIA_ERROR_LOG_ENTRY {"error":"FFmpegDemuxer: open context failed"}
[0520/222651.180:ERROR:render_media_log.cc(30)] MediaEvent: PIPELINE_ERROR DEMUXER_ERROR_COULD_NOT_OPEN
[0520/222723.254:INFO:CONSOLE(5)] "GetBtnOpenMenuAnexoXY908;18", source: about:blank (5)
[0520/222724.260:INFO:CONSOLE(5)] "GetBtnAnexaFotoXY894;74", source: about:blank (5)
[0520/222931.109:ERROR:render_media_log.cc(30)] MediaEvent: MEDIA_ERROR_LOG_ENTRY {"error":"FFmpegDemuxer: open context failed"}
[0520/222931.109:ERROR:render_media_log.cc(30)] MediaEvent: PIPELINE_ERROR DEMUXER_ERROR_COULD_NOT_OPEN
[0520/222945.519:INFO:CONSOLE(5)] "GetBtnOpenMenuAnexoXY908;18", source: about:blank (5)
[0520/222946.524:INFO:CONSOLE(5)] "GetBtnAnexaFotoXY894;74", source: about:blank (5)
[0520/223042.220:ERROR:render_media_log.cc(30)] MediaEvent: MEDIA_ERROR_LOG_ENTRY {"error":"FFmpegDemuxer: open context failed"}
[0520/223042.220:ERROR:render_media_log.cc(30)] MediaEvent: PIPELINE_ERROR DEMUXER_ERROR_COULD_NOT_OPEN
[0520/223054.981:INFO:CONSOLE(5)] "GetBtnOpenMenuAnexoXY908;18", source: about:blank (5)
[0520/223057.987:INFO:CONSOLE(5)] "GetBtnAnexaFotoXY894;74", source: about:blank (5)
[0520/223110.992:INFO:CONSOLE(4)] "[object HTMLDivElement]", source: about:blank (4)
[0520/223114.000:INFO:CONSOLE(7)] "null", source: about:blank (7)
[0520/223114.001:INFO:CONSOLE(8)] "Uncaught TypeError: Cannot read property 'getBoundingClientRect' of null", source: about:blank (8)
[0520/223357.448:ERROR:render_media_log.cc(30)] MediaEvent: MEDIA_ERROR_LOG_ENTRY {"error":"FFmpegDemuxer: open context failed"}
[0520/223357.449:ERROR:render_media_log.cc(30)] MediaEvent: PIPELINE_ERROR DEMUXER_ERROR_COULD_NOT_OPEN
[0520/223420.318:INFO:CONSOLE(5)] "GetBtnOpenMenuAnexoXY908;18", source: about:blank (5)
[0520/223423.323:INFO:CONSOLE(5)] "GetBtnAnexaFotoXY894;74", source: about:blank (5)
[0520/223436.331:INFO:CONSOLE(4)] "[object HTMLDivElement]", source: about:blank (4)
[0520/223439.336:INFO:CONSOLE(7)] "[object HTMLSpanElement]", source: about:blank (7)
[0520/223841.814:ERROR:render_media_log.cc(30)] MediaEvent: MEDIA_ERROR_LOG_ENTRY {"error":"FFmpegDemuxer: open context failed"}
[0520/223841.822:ERROR:render_media_log.cc(30)] MediaEvent: PIPELINE_ERROR DEMUXER_ERROR_COULD_NOT_OPEN
[0520/223849.540:INFO:CONSOLE(5)] "GetSearchInputXY 65;73", source: about:blank (5)
[0520/223852.563:INFO:CONSOLE(18)] "StartChatWith Alex Programador Amorim Florindo", source: about:blank (18)
[0520/223855.667:INFO:CONSOLE(5)] "GetBtnOpenMenuAnexoXY 908;18", source: about:blank (5)
[0520/223858.673:INFO:CONSOLE(5)] "GetBtnAnexaFotoXY 894;74", source: about:blank (5)
[0520/223911.680:INFO:CONSOLE(5)] "GetMessageInputXY 434;411", source: about:blank (5)
[0520/223914.686:INFO:CONSOLE(7)] "[object HTMLSpanElement]", source: about:blank (7)
[0520/224214.519:ERROR:render_media_log.cc(30)] MediaEvent: MEDIA_ERROR_LOG_ENTRY {"error":"FFmpegDemuxer: open context failed"}
[0520/224214.519:ERROR:render_media_log.cc(30)] MediaEvent: PIPELINE_ERROR DEMUXER_ERROR_COULD_NOT_OPEN
[0520/224232.328:INFO:CONSOLE(5)] "GetSearchInputXY 65;73", source: about:blank (5)
[0520/224235.352:INFO:CONSOLE(18)] "StartChatWith Alex Programador Amorim Florindo", source: about:blank (18)
[0520/224238.439:INFO:CONSOLE(5)] "GetBtnOpenMenuAnexoXY 908;18", source: about:blank (5)
[0520/224241.445:INFO:CONSOLE(5)] "GetBtnAnexaFotoXY 894;74", source: about:blank (5)
[0520/224254.451:INFO:CONSOLE(5)] "GetMessageInputXY 434;411", source: about:blank (5)
[0520/224257.459:INFO:CONSOLE(8)] "GetBtnSendMessageXY 922;469", source: about:blank (8)
[0522/201214.383:ERROR:render_media_log.cc(30)] MediaEvent: MEDIA_ERROR_LOG_ENTRY {"error":"FFmpegDemuxer: open context failed"}
[0522/201214.384:ERROR:render_media_log.cc(30)] MediaEvent: PIPELINE_ERROR DEMUXER_ERROR_COULD_NOT_OPEN
[0522/201957.373:INFO:CONSOLE(5)] "GetSearchInputXY 65;73", source: about:blank (5)
[0522/202000.395:INFO:CONSOLE(18)] "StartChatWith Alex Programador Amorim Florindo", source: about:blank (18)
[0522/202003.445:INFO:CONSOLE(5)] "GetBtnOpenMenuAnexoXY 908;18", source: about:blank (5)
[0522/202006.451:INFO:CONSOLE(5)] "GetBtnAnexaFotoXY 894;74", source: about:blank (5)
[0522/202019.458:INFO:CONSOLE(5)] "GetMessageInputXY 434;411", source: about:blank (5)
[0522/202022.466:INFO:CONSOLE(8)] "GetBtnSendMessageXY 922;469", source: about:blank (8)
[0522/202025.472:INFO:CONSOLE(5)] "GetSearchInputXY 65;73", source: about:blank (5)
[0522/202028.479:INFO:CONSOLE(18)] "StartChatWith Mauricinho Tel Desconhecido", source: about:blank (18)
[0522/202031.535:INFO:CONSOLE(5)] "GetBtnOpenMenuAnexoXY 908;18", source: about:blank (5)
[0522/202034.540:INFO:CONSOLE(5)] "GetBtnAnexaFotoXY 894;74", source: about:blank (5)
[0522/202047.547:INFO:CONSOLE(5)] "GetMessageInputXY 434;411", source: about:blank (5)
[0522/202050.554:INFO:CONSOLE(8)] "GetBtnSendMessageXY 922;469", source: about:blank (8)
[0522/202700.724:ERROR:cache_util_win.cc(20)] Unable to move the cache: 5
[0522/202700.724:ERROR:cache_util.cc(134)] Unable to move cache folder C:\Users\Isaque\AppData\Local\CEF\GPUCache to C:\Users\Isaque\AppData\Local\CEF\old_GPUCache_000
[0522/202700.725:ERROR:disk_cache.cc(169)] Unable to create cache
[0522/202700.725:ERROR:shader_disk_cache.cc(601)] Shader Cache Creation failed: -2
[0522/202702.748:ERROR:service_worker_storage.cc(1953)] Failed to delete the database: Database operation failed
[0522/202702.752:ERROR:cache_util_win.cc(20)] Unable to move the cache: 5
[0522/202702.752:ERROR:cache_util.cc(134)] Unable to move cache folder C:\Users\Isaque\AppData\Local\CEF\Cache to C:\Users\Isaque\AppData\Local\CEF\old_Cache_000
[0522/202702.752:ERROR:disk_cache.cc(169)] Unable to create cache
[0522/202711.890:ERROR:render_media_log.cc(30)] MediaEvent: MEDIA_ERROR_LOG_ENTRY {"error":"FFmpegDemuxer: open context failed"}
[0522/202711.893:ERROR:render_media_log.cc(30)] MediaEvent: PIPELINE_ERROR DEMUXER_ERROR_COULD_NOT_OPEN
[0522/202712.288:ERROR:leveldb_database.cc(311)] Failed to open LevelDB database from C:\Users\Isaque\AppData\Local\CEF\IndexedDB\https_web.whatsapp.com_0.indexeddb.leveldb,IO error: C:\Users\Isaque\AppData\Local\CEF\IndexedDB\https_web.whatsapp.com_0.indexeddb.leveldb/LOCK: No further details. (ChromeMethodBFE: 15::LockFile::1)
[0522/202712.288:ERROR:indexed_db_backing_store.cc(951)] Unable to open backing store, not trying to recover - IO error: C:\Users\Isaque\AppData\Local\CEF\IndexedDB\https_web.whatsapp.com_0.indexeddb.leveldb/LOCK: No further details. (ChromeMethodBFE: 15::LockFile::1)
[0522/202712.433:ERROR:sandbox_origin_database.cc(195)] SandboxOriginDatabase failed at: Init@../../storage/browser/fileapi/sandbox_origin_database.cc:94 with error: IO error: C:\Users\Isaque\AppData\Local\CEF\File System\Origins/LOCK: No further details. (ChromeMethodBFE: 15::LockFile::1)
[0522/202712.433:WARNING:sandbox_origin_database.cc(106)] Attempting to repair SandboxOriginDatabase.
[0522/202714.312:ERROR:leveldb_database.cc(311)] Failed to open LevelDB database from C:\Users\Isaque\AppData\Local\CEF\IndexedDB\https_web.whatsapp.com_0.indexeddb.leveldb,IO error: C:\Users\Isaque\AppData\Local\CEF\IndexedDB\https_web.whatsapp.com_0.indexeddb.leveldb/LOCK: No further details. (ChromeMethodBFE: 15::LockFile::1)
[0522/202714.312:ERROR:indexed_db_backing_store.cc(951)] Unable to open backing store, not trying to recover - IO error: C:\Users\Isaque\AppData\Local\CEF\IndexedDB\https_web.whatsapp.com_0.indexeddb.leveldb/LOCK: No further details. (ChromeMethodBFE: 15::LockFile::1)
[0522/202714.895:WARNING:value_store_frontend.cc(42)] Reading mhjfbmdgcfjbbpaeojofohoefgiehjai.alarms from  failed: IO error: .../LOCK: No further details. (ChromeMethodBFE: 15::LockFile::1)
[0522/202716.592:WARNING:sandbox_origin_database.cc(137)] Failed to repair SandboxOriginDatabase.
[0522/202718.612:ERROR:sandbox_origin_database.cc(195)] SandboxOriginDatabase failed at: Init@../../storage/browser/fileapi/sandbox_origin_database.cc:94 with error: IO error: C:\Users\Isaque\AppData\Local\CEF\File System\Origins/LOCK: No further details. (ChromeMethodBFE: 15::LockFile::1)
[0522/202718.612:WARNING:sandbox_origin_database.cc(106)] Attempting to repair SandboxOriginDatabase.
[0522/202722.895:WARNING:sandbox_origin_database.cc(137)] Failed to repair SandboxOriginDatabase.
[0522/202724.899:ERROR:sandbox_origin_database.cc(195)] SandboxOriginDatabase failed at: Init@../../storage/browser/fileapi/sandbox_origin_database.cc:94 with error: IO error: C:\Users\Isaque\AppData\Local\CEF\File System\Origins/LOCK: No further details. (ChromeMethodBFE: 15::LockFile::1)
[0522/202724.899:WARNING:sandbox_origin_database.cc(106)] Attempting to repair SandboxOriginDatabase.
[0522/202728.989:WARNING:sandbox_origin_database.cc(137)] Failed to repair SandboxOriginDatabase.
[0522/202731.010:ERROR:sandbox_origin_database.cc(195)] SandboxOriginDatabase failed at: Init@../../storage/browser/fileapi/sandbox_origin_database.cc:94 with error: IO error: C:\Users\Isaque\AppData\Local\CEF\File System\Origins/LOCK: No further details. (ChromeMethodBFE: 15::LockFile::1)
[0522/202731.010:WARNING:sandbox_origin_database.cc(106)] Attempting to repair SandboxOriginDatabase.
[0522/202735.093:WARNING:sandbox_origin_database.cc(137)] Failed to repair SandboxOriginDatabase.
[0522/203006.503:INFO:CONSOLE(5)] "GetSearchInputXY 65;73", source: about:blank (5)
[0522/203012.529:INFO:CONSOLE(5)] "GetBtnOpenMenuAnexoXY 0;0", source: about:blank (5)
[0522/203015.533:INFO:CONSOLE(5)] "GetBtnAnexaFotoXY 0;0", source: about:blank (5)
[0522/203028.538:INFO:CONSOLE(5)] "GetMessageInputXY 0;0", source: about:blank (5)
[0522/203031.544:INFO:CONSOLE(8)] "GetBtnSendMessageXY 0;0", source: about:blank (8)
[0522/203034.548:INFO:CONSOLE(5)] "GetSearchInputXY 65;74", source: about:blank (5)
[0522/203040.563:INFO:CONSOLE(5)] "GetBtnOpenMenuAnexoXY 0;0", source: about:blank (5)
[0522/203043.567:INFO:CONSOLE(5)] "GetBtnAnexaFotoXY 0;0", source: about:blank (5)
[0522/203056.571:INFO:CONSOLE(5)] "GetMessageInputXY 0;0", source: about:blank (5)
[0522/203059.576:INFO:CONSOLE(8)] "GetBtnSendMessageXY 0;0", source: about:blank (8)
[0522/203102.580:INFO:CONSOLE(5)] "GetSearchInputXY 65;73", source: about:blank (5)
[0522/203108.585:INFO:CONSOLE(5)] "GetBtnOpenMenuAnexoXY 0;0", source: about:blank (5)
[0522/203111.589:INFO:CONSOLE(5)] "GetBtnAnexaFotoXY 0;0", source: about:blank (5)
[0522/203124.594:INFO:CONSOLE(5)] "GetMessageInputXY 0;0", source: about:blank (5)
[0522/203127.598:INFO:CONSOLE(8)] "GetBtnSendMessageXY 0;0", source: about:blank (8)
[0522/203248.810:INFO:CONSOLE(62)] "Uncaught (in promise) NotSupportedError: The element has no supported sources.", source: https://web.whatsapp.com/app2.dc7b5d4ae9c57e0dbe56.js (62)
[0522/203339.037:INFO:CONSOLE(62)] "Uncaught (in promise) NotSupportedError: The element has no supported sources.", source: https://web.whatsapp.com/app2.dc7b5d4ae9c57e0dbe56.js (62)
[0522/203452.359:INFO:CONSOLE(62)] "Uncaught (in promise) NotSupportedError: The element has no supported sources.", source: https://web.whatsapp.com/app2.dc7b5d4ae9c57e0dbe56.js (62)
[0522/203501.068:INFO:CONSOLE(5)] "GetSearchInputXY 65;73", source: about:blank (5)
[0522/203507.075:INFO:CONSOLE(5)] "GetBtnOpenMenuAnexoXY 0;0", source: about:blank (5)
[0522/203510.079:INFO:CONSOLE(5)] "GetBtnAnexaFotoXY 0;0", source: about:blank (5)
[0522/203523.084:INFO:CONSOLE(5)] "GetMessageInputXY 0;0", source: about:blank (5)
[0522/203526.088:INFO:CONSOLE(8)] "GetBtnSendMessageXY 0;0", source: about:blank (8)
[0522/203527.165:ERROR:media_internals.cc(102)] Cannot get RenderProcessHost
[0522/203532.176:ERROR:cookie_monster.cc(1253)] Found 1 duplicate cookies for host='whatsapp.com', with {name='ref', domain='.web.whatsapp.com', path='/pp'}
[0522/203532.176:ERROR:cookie_monster.cc(1253)] Found 1 duplicate cookies for host='whatsapp.com', with {name='tok', domain='.web.whatsapp.com', path='/pp'}
[0522/203533.136:ERROR:render_media_log.cc(30)] MediaEvent: MEDIA_ERROR_LOG_ENTRY {"error":"FFmpegDemuxer: open context failed"}
[0522/203533.136:ERROR:render_media_log.cc(30)] MediaEvent: PIPELINE_ERROR DEMUXER_ERROR_COULD_NOT_OPEN
[0522/203601.811:ERROR:connection.cc(1947)] Quota sqlite error 5, errno 33: database is locked, sql: COMMIT
[0522/203601.811:ERROR:connection.cc(1947)] Quota sqlite error 1, errno 33: cannot start a transaction within a transaction, sql: BEGIN TRANSACTION
[0522/203632.537:ERROR:connection.cc(1947)] Quota sqlite error 1, errno 33: cannot start a transaction within a transaction, sql: BEGIN TRANSACTION
[0522/203642.760:INFO:CONSOLE(5)] "GetSearchInputXY 65;73", source: about:blank (5)
[0522/203648.789:INFO:CONSOLE(5)] "GetBtnOpenMenuAnexoXY 0;0", source: about:blank (5)
[0522/203651.793:INFO:CONSOLE(5)] "GetBtnAnexaFotoXY 0;0", source: about:blank (5)
[0522/203704.799:INFO:CONSOLE(5)] "GetMessageInputXY 0;0", source: about:blank (5)
[0522/203707.252:ERROR:connection.cc(1947)] Quota sqlite error 1, errno 33: cannot start a transaction within a transaction, sql: BEGIN TRANSACTION
[0522/203707.805:INFO:CONSOLE(8)] "GetBtnSendMessageXY 0;0", source: about:blank (8)
[0522/203710.810:INFO:CONSOLE(5)] "GetSearchInputXY 65;74", source: about:blank (5)
[0522/203716.817:INFO:CONSOLE(5)] "GetBtnOpenMenuAnexoXY 0;0", source: about:blank (5)
[0522/203719.821:INFO:CONSOLE(5)] "GetBtnAnexaFotoXY 0;0", source: about:blank (5)
[0522/203732.826:INFO:CONSOLE(5)] "GetMessageInputXY 0;0", source: about:blank (5)
[0522/203735.829:INFO:CONSOLE(8)] "GetBtnSendMessageXY 0;0", source: about:blank (8)
[0522/203739.225:ERROR:connection.cc(1947)] Quota sqlite error 1, errno 33: cannot start a transaction within a transaction, sql: BEGIN TRANSACTION
[0522/203813.161:ERROR:connection.cc(1947)] Quota sqlite error 1, errno 33: cannot start a transaction within a transaction, sql: BEGIN TRANSACTION
[0522/205423.046:ERROR:cache_util_win.cc(20)] Unable to move the cache: 5
[0522/205423.046:ERROR:cache_util.cc(134)] Unable to move cache folder C:\Users\Isaque\AppData\Local\CEF\GPUCache to C:\Users\Isaque\AppData\Local\CEF\old_GPUCache_000
[0522/205423.046:ERROR:disk_cache.cc(169)] Unable to create cache
[0522/205423.046:ERROR:shader_disk_cache.cc(601)] Shader Cache Creation failed: -2
[0522/205425.073:ERROR:service_worker_storage.cc(1953)] Failed to delete the database: Database operation failed
[0522/205425.077:ERROR:cache_util_win.cc(20)] Unable to move the cache: 5
[0522/205425.077:ERROR:cache_util.cc(134)] Unable to move cache folder C:\Users\Isaque\AppData\Local\CEF\Cache to C:\Users\Isaque\AppData\Local\CEF\old_Cache_000
[0522/205425.077:ERROR:disk_cache.cc(169)] Unable to create cache
[0522/205434.147:ERROR:render_media_log.cc(30)] MediaEvent: MEDIA_ERROR_LOG_ENTRY {"error":"FFmpegDemuxer: open context failed"}
[0522/205434.151:ERROR:render_media_log.cc(30)] MediaEvent: PIPELINE_ERROR DEMUXER_ERROR_COULD_NOT_OPEN
[0522/205434.543:ERROR:leveldb_database.cc(311)] Failed to open LevelDB database from C:\Users\Isaque\AppData\Local\CEF\IndexedDB\https_web.whatsapp.com_0.indexeddb.leveldb,IO error: C:\Users\Isaque\AppData\Local\CEF\IndexedDB\https_web.whatsapp.com_0.indexeddb.leveldb/LOCK: No further details. (ChromeMethodBFE: 15::LockFile::1)
[0522/205434.543:ERROR:indexed_db_backing_store.cc(951)] Unable to open backing store, not trying to recover - IO error: C:\Users\Isaque\AppData\Local\CEF\IndexedDB\https_web.whatsapp.com_0.indexeddb.leveldb/LOCK: No further details. (ChromeMethodBFE: 15::LockFile::1)
[0522/205434.697:ERROR:sandbox_origin_database.cc(195)] SandboxOriginDatabase failed at: Init@../../storage/browser/fileapi/sandbox_origin_database.cc:94 with error: IO error: C:\Users\Isaque\AppData\Local\CEF\File System\Origins/LOCK: No further details. (ChromeMethodBFE: 15::LockFile::1)
[0522/205434.697:WARNING:sandbox_origin_database.cc(106)] Attempting to repair SandboxOriginDatabase.
[0522/205436.555:ERROR:leveldb_database.cc(311)] Failed to open LevelDB database from C:\Users\Isaque\AppData\Local\CEF\IndexedDB\https_web.whatsapp.com_0.indexeddb.leveldb,IO error: C:\Users\Isaque\AppData\Local\CEF\IndexedDB\https_web.whatsapp.com_0.indexeddb.leveldb/LOCK: No further details. (ChromeMethodBFE: 15::LockFile::1)
[0522/205436.555:ERROR:indexed_db_backing_store.cc(951)] Unable to open backing store, not trying to recover - IO error: C:\Users\Isaque\AppData\Local\CEF\IndexedDB\https_web.whatsapp.com_0.indexeddb.leveldb/LOCK: No further details. (ChromeMethodBFE: 15::LockFile::1)
[0522/205437.144:WARNING:value_store_frontend.cc(42)] Reading mhjfbmdgcfjbbpaeojofohoefgiehjai.alarms from  failed: IO error: .../LOCK: No further details. (ChromeMethodBFE: 15::LockFile::1)
[0522/205438.956:WARNING:sandbox_origin_database.cc(137)] Failed to repair SandboxOriginDatabase.
[0522/205440.971:ERROR:sandbox_origin_database.cc(195)] SandboxOriginDatabase failed at: Init@../../storage/browser/fileapi/sandbox_origin_database.cc:94 with error: IO error: C:\Users\Isaque\AppData\Local\CEF\File System\Origins/LOCK: No further details. (ChromeMethodBFE: 15::LockFile::1)
[0522/205440.971:WARNING:sandbox_origin_database.cc(106)] Attempting to repair SandboxOriginDatabase.
[0522/205445.052:WARNING:sandbox_origin_database.cc(137)] Failed to repair SandboxOriginDatabase.
[0522/205447.063:ERROR:sandbox_origin_database.cc(195)] SandboxOriginDatabase failed at: Init@../../storage/browser/fileapi/sandbox_origin_database.cc:94 with error: IO error: C:\Users\Isaque\AppData\Local\CEF\File System\Origins/LOCK: No further details. (ChromeMethodBFE: 15::LockFile::1)
[0522/205447.063:WARNING:sandbox_origin_database.cc(106)] Attempting to repair SandboxOriginDatabase.
[0522/205451.134:WARNING:sandbox_origin_database.cc(137)] Failed to repair SandboxOriginDatabase.
[0522/205453.144:ERROR:sandbox_origin_database.cc(195)] SandboxOriginDatabase failed at: Init@../../storage/browser/fileapi/sandbox_origin_database.cc:94 with error: IO error: C:\Users\Isaque\AppData\Local\CEF\File System\Origins/LOCK: No further details. (ChromeMethodBFE: 15::LockFile::1)
[0522/205453.144:WARNING:sandbox_origin_database.cc(106)] Attempting to repair SandboxOriginDatabase.
[0522/205457.212:WARNING:sandbox_origin_database.cc(137)] Failed to repair SandboxOriginDatabase.
[0522/205513.782:INFO:CONSOLE(5)] "GetSearchInputXY 65;73", source: about:blank (5)
[0522/205516.806:INFO:CONSOLE(18)] "StartChatWith Alex Programador", source: about:blank (18)
[0522/205519.909:INFO:CONSOLE(5)] "GetBtnOpenMenuAnexoXY 908;18", source: about:blank (5)
[0522/205520.214:WARNING:angle_platform_impl.cc(51)] rx::HLSLCompiler::compileToBinary(228): 
C:\fakepath(60,10-53): warning X3571: pow(f, e) will not work for negative f, use abs(f) or conditionally handle negative values if you expect them

[0522/205520.227:WARNING:angle_platform_impl.cc(51)] rx::HLSLCompiler::compileToBinary(228): 
C:\fakepath(60,24-44): warning X3571: pow(f, e) will not work for negative f, use abs(f) or conditionally handle negative values if you expect them

[0522/205522.914:INFO:CONSOLE(5)] "GetBtnAnexaFotoXY 894;74", source: about:blank (5)
[0522/205535.919:INFO:CONSOLE(5)] "GetMessageInputXY 434;411", source: about:blank (5)
[0522/205538.924:INFO:CONSOLE(8)] "GetBtnSendMessageXY 922;469", source: about:blank (8)
[0522/205541.929:INFO:CONSOLE(5)] "GetSearchInputXY 65;73", source: about:blank (5)
[0522/205544.934:INFO:CONSOLE(18)] "StartChatWith Luciano Macrio 2", source: about:blank (18)
[0522/205545.418:ERROR:render_media_log.cc(30)] MediaEvent: MEDIA_ERROR_LOG_ENTRY {"error":"FFmpegDemuxer: open context failed"}
[0522/205545.418:ERROR:render_media_log.cc(30)] MediaEvent: PIPELINE_ERROR DEMUXER_ERROR_COULD_NOT_OPEN
[0522/205546.496:ERROR:render_media_log.cc(30)] MediaEvent: MEDIA_ERROR_LOG_ENTRY {"error":"FFmpegDemuxer: open context failed"}
[0522/205546.496:ERROR:render_media_log.cc(30)] MediaEvent: PIPELINE_ERROR DEMUXER_ERROR_COULD_NOT_OPEN
[0522/205548.005:INFO:CONSOLE(5)] "GetBtnOpenMenuAnexoXY 908;18", source: about:blank (5)
[0522/205551.009:INFO:CONSOLE(5)] "GetBtnAnexaFotoXY 894;74", source: about:blank (5)
[0522/205604.014:INFO:CONSOLE(5)] "GetMessageInputXY 434;411", source: about:blank (5)
[0522/205607.020:INFO:CONSOLE(8)] "GetBtnSendMessageXY 922;469", source: about:blank (8)
[0522/210933.415:ERROR:render_media_log.cc(30)] MediaEvent: MEDIA_ERROR_LOG_ENTRY {"error":"FFmpegDemuxer: open context failed"}
[0522/210933.417:ERROR:render_media_log.cc(30)] MediaEvent: PIPELINE_ERROR DEMUXER_ERROR_COULD_NOT_OPEN
[0522/210946.525:INFO:CONSOLE(5)] "GetSearchInputXY 65;73", source: about:blank (5)
[0522/210948.372:INFO:CONSOLE(18)] "StartChatWith Alex Programador", source: about:blank (18)
[0522/210952.273:INFO:CONSOLE(5)] "GetBtnOpenMenuAnexoXY 908;18", source: about:blank (5)
[0522/210953.998:INFO:CONSOLE(5)] "GetBtnAnexaFotoXY 894;74", source: about:blank (5)
[0522/210959.540:INFO:CONSOLE(5)] "GetMessageInputXY 434;411", source: about:blank (5)
[0522/211002.215:INFO:CONSOLE(8)] "GetBtnSendMessageXY 922;469", source: about:blank (8)
[0522/211005.045:INFO:CONSOLE(5)] "GetSearchInputXY 65;73", source: about:blank (5)
[0522/211010.637:INFO:CONSOLE(5)] "GetBtnOpenMenuAnexoXY 908;18", source: about:blank (5)
[0522/211013.531:INFO:CONSOLE(5)] "GetBtnAnexaFotoXY 894;74", source: about:blank (5)
[0522/211018.316:INFO:CONSOLE(5)] "GetMessageInputXY 434;411", source: about:blank (5)
[0522/211020.821:INFO:CONSOLE(8)] "GetBtnSendMessageXY 963;561", source: about:blank (8)
[0522/211419.093:ERROR:render_media_log.cc(30)] MediaEvent: MEDIA_ERROR_LOG_ENTRY {"error":"FFmpegDemuxer: open context failed"}
[0522/211419.094:ERROR:render_media_log.cc(30)] MediaEvent: PIPELINE_ERROR DEMUXER_ERROR_COULD_NOT_OPEN
[0522/211436.962:INFO:CONSOLE(5)] "GetSearchInputXY 65;73", source: about:blank (5)
[0522/211440.742:INFO:CONSOLE(18)] "StartChatWith Alex Programador", source: about:blank (18)
[0522/211442.984:INFO:CONSOLE(5)] "GetBtnOpenMenuAnexoXY 908;18", source: about:blank (5)
[0522/211445.051:INFO:CONSOLE(5)] "GetBtnAnexaFotoXY 894;74", source: about:blank (5)
[0522/211501.197:INFO:CONSOLE(5)] "GetMessageInputXY 434;411", source: about:blank (5)
[0522/211504.766:INFO:CONSOLE(8)] "GetBtnSendMessageXY 922;469", source: about:blank (8)
[0522/211517.965:INFO:CONSOLE(5)] "GetSearchInputXY 65;73", source: about:blank (5)
[0522/211523.704:INFO:CONSOLE(5)] "GetBtnOpenMenuAnexoXY 908;18", source: about:blank (5)
[0522/211526.186:INFO:CONSOLE(5)] "GetBtnAnexaFotoXY 894;74", source: about:blank (5)
[0522/211542.088:INFO:CONSOLE(5)] "GetMessageInputXY 434;411", source: about:blank (5)
[0522/211545.390:INFO:CONSOLE(8)] "GetBtnSendMessageXY 963;561", source: about:blank (8)
[0522/212340.281:ERROR:render_media_log.cc(30)] MediaEvent: MEDIA_ERROR_LOG_ENTRY {"error":"FFmpegDemuxer: open context failed"}
[0522/212340.282:ERROR:render_media_log.cc(30)] MediaEvent: PIPELINE_ERROR DEMUXER_ERROR_COULD_NOT_OPEN
[0522/212353.967:INFO:CONSOLE(5)] "GetSearchInputXY 65;73", source: about:blank (5)
[0522/212356.500:INFO:CONSOLE(18)] "StartChatWith Alex Programador", source: about:blank (18)
[0522/212358.404:INFO:CONSOLE(5)] "GetBtnOpenMenuAnexoXY 908;18", source: about:blank (5)
[0522/212401.790:INFO:CONSOLE(5)] "GetBtnAnexaFotoXY 894;74", source: about:blank (5)
[0522/212417.133:INFO:CONSOLE(5)] "GetMessageInputXY 434;411", source: about:blank (5)
[0522/212419.869:INFO:CONSOLE(8)] "GetBtnSendMessageXY 922;469", source: about:blank (8)
[0522/212431.736:INFO:CONSOLE(5)] "GetSearchInputXY 65;73", source: about:blank (5)
[0522/212436.820:INFO:CONSOLE(5)] "GetBtnOpenMenuAnexoXY 908;18", source: about:blank (5)
[0522/212438.945:INFO:CONSOLE(5)] "GetBtnAnexaFotoXY 894;74", source: about:blank (5)
[0522/212705.950:ERROR:render_media_log.cc(30)] MediaEvent: MEDIA_ERROR_LOG_ENTRY {"error":"FFmpegDemuxer: open context failed"}
[0522/212705.951:ERROR:render_media_log.cc(30)] MediaEvent: PIPELINE_ERROR DEMUXER_ERROR_COULD_NOT_OPEN
[0522/212715.855:INFO:CONSOLE(5)] "GetSearchInputXY 65;73", source: about:blank (5)
[0522/212718.050:INFO:CONSOLE(18)] "StartChatWith Alex Programador", source: about:blank (18)
[0522/212720.388:INFO:CONSOLE(5)] "GetBtnOpenMenuAnexoXY 908;18", source: about:blank (5)
[0522/212723.994:INFO:CONSOLE(5)] "GetBtnAnexaFotoXY 894;74", source: about:blank (5)
[0522/212739.466:INFO:CONSOLE(5)] "GetMessageInputXY 434;411", source: about:blank (5)
[0522/212742.818:INFO:CONSOLE(8)] "GetBtnSendMessageXY 922;469", source: about:blank (8)
[0522/212944.335:ERROR:render_media_log.cc(30)] MediaEvent: MEDIA_ERROR_LOG_ENTRY {"error":"FFmpegDemuxer: open context failed"}
[0522/212944.336:ERROR:render_media_log.cc(30)] MediaEvent: PIPELINE_ERROR DEMUXER_ERROR_COULD_NOT_OPEN
[0522/213030.973:INFO:CONSOLE(5)] "GetSearchInputXY 65;73", source: about:blank (5)
[0522/213033.978:INFO:CONSOLE(18)] "StartChatWith Mauricinho Tel Desconhecido", source: about:blank (18)
[0522/213035.900:INFO:CONSOLE(5)] "GetBtnOpenMenuAnexoXY 908;18", source: about:blank (5)
[0522/213039.014:INFO:CONSOLE(5)] "GetBtnAnexaFotoXY 894;74", source: about:blank (5)
[0522/213053.672:INFO:CONSOLE(5)] "GetMessageInputXY 434;411", source: about:blank (5)
[0522/213057.153:INFO:CONSOLE(8)] "GetBtnSendMessageXY 922;469", source: about:blank (8)
[0522/213329.031:ERROR:render_media_log.cc(30)] MediaEvent: MEDIA_ERROR_LOG_ENTRY {"error":"FFmpegDemuxer: open context failed"}
[0522/213329.032:ERROR:render_media_log.cc(30)] MediaEvent: PIPELINE_ERROR DEMUXER_ERROR_COULD_NOT_OPEN
[0522/213335.217:INFO:CONSOLE(5)] "GetSearchInputXY 65;73", source: about:blank (5)
[0522/213337.151:INFO:CONSOLE(18)] "StartChatWith Mauricinho Tel Desconhecido", source: about:blank (18)
[0522/213339.200:INFO:CONSOLE(5)] "GetBtnOpenMenuAnexoXY 908;18", source: about:blank (5)
[0522/213341.620:INFO:CONSOLE(5)] "GetBtnAnexaFotoXY 894;74", source: about:blank (5)
[0522/213357.805:INFO:CONSOLE(5)] "GetMessageInputXY 434;411", source: about:blank (5)
[0522/213400.043:INFO:CONSOLE(8)] "GetBtnSendMessageXY 922;469", source: about:blank (8)
[0522/213713.035:ERROR:render_media_log.cc(30)] MediaEvent: MEDIA_ERROR_LOG_ENTRY {"error":"FFmpegDemuxer: open context failed"}
[0522/213713.037:ERROR:render_media_log.cc(30)] MediaEvent: PIPELINE_ERROR DEMUXER_ERROR_COULD_NOT_OPEN
[0522/213740.909:ERROR:render_media_log.cc(30)] MediaEvent: MEDIA_ERROR_LOG_ENTRY {"error":"FFmpegDemuxer: open context failed"}
[0522/213740.909:ERROR:render_media_log.cc(30)] MediaEvent: PIPELINE_ERROR DEMUXER_ERROR_COULD_NOT_OPEN
[0522/213758.608:INFO:CONSOLE(5)] "GetSearchInputXY 65;73", source: about:blank (5)
[0522/213802.439:INFO:CONSOLE(18)] "StartChatWith Mauricinho Tel Desconhecido", source: about:blank (18)
[0522/213805.088:INFO:CONSOLE(5)] "GetBtnOpenMenuAnexoXY 908;18", source: about:blank (5)
[0522/213806.830:INFO:CONSOLE(5)] "GetBtnAnexaFotoXY 894;74", source: about:blank (5)
[0522/213822.201:INFO:CONSOLE(5)] "GetMessageInputXY 434;411", source: about:blank (5)
[0522/213825.840:INFO:CONSOLE(8)] "GetBtnSendMessageXY 922;469", source: about:blank (8)
[0522/214044.826:ERROR:render_media_log.cc(30)] MediaEvent: MEDIA_ERROR_LOG_ENTRY {"error":"FFmpegDemuxer: open context failed"}
[0522/214044.827:ERROR:render_media_log.cc(30)] MediaEvent: PIPELINE_ERROR DEMUXER_ERROR_COULD_NOT_OPEN
[0522/214051.669:INFO:CONSOLE(5)] "GetSearchInputXY 65;73", source: about:blank (5)
[0522/214054.494:INFO:CONSOLE(18)] "StartChatWith Mauricinho Tel Desconhecido", source: about:blank (18)
[0522/214056.465:INFO:CONSOLE(5)] "GetBtnOpenMenuAnexoXY 908;18", source: about:blank (5)
[0522/214058.586:INFO:CONSOLE(5)] "GetBtnAnexaFotoXY 894;74", source: about:blank (5)
[0522/214114.228:INFO:CONSOLE(5)] "GetMessageInputXY 434;411", source: about:blank (5)
[0522/214116.564:INFO:CONSOLE(8)] "GetBtnSendMessageXY 922;469", source: about:blank (8)
[0522/214354.913:ERROR:render_media_log.cc(30)] MediaEvent: MEDIA_ERROR_LOG_ENTRY {"error":"FFmpegDemuxer: open context failed"}
[0522/214354.914:ERROR:render_media_log.cc(30)] MediaEvent: PIPELINE_ERROR DEMUXER_ERROR_COULD_NOT_OPEN
[0522/214401.040:INFO:CONSOLE(5)] "GetSearchInputXY 65;73", source: about:blank (5)
[0522/214404.454:INFO:CONSOLE(18)] "StartChatWith Mauricinho Tel Desconhecido", source: about:blank (18)
[0522/214408.149:INFO:CONSOLE(5)] "GetBtnOpenMenuAnexoXY 908;18", source: about:blank (5)
[0522/214409.967:INFO:CONSOLE(5)] "GetBtnAnexaFotoXY 894;74", source: about:blank (5)
[0522/214426.273:INFO:CONSOLE(5)] "GetMessageInputXY 434;411", source: about:blank (5)
[0522/214429.788:INFO:CONSOLE(8)] "GetBtnSendMessageXY 922;469", source: about:blank (8)
[0522/214553.243:ERROR:render_media_log.cc(30)] MediaEvent: MEDIA_ERROR_LOG_ENTRY {"error":"FFmpegDemuxer: open context failed"}
[0522/214553.246:ERROR:render_media_log.cc(30)] MediaEvent: PIPELINE_ERROR DEMUXER_ERROR_COULD_NOT_OPEN
[0522/214610.213:INFO:CONSOLE(5)] "GetSearchInputXY 65;73", source: about:blank (5)
[0522/214611.946:INFO:CONSOLE(18)] "StartChatWith Mauricinho Tel Desconhecido", source: about:blank (18)
[0522/214613.722:INFO:CONSOLE(5)] "GetBtnOpenMenuAnexoXY 908;18", source: about:blank (5)
[0522/214615.838:INFO:CONSOLE(5)] "GetBtnAnexaFotoXY 894;74", source: about:blank (5)
[0522/214630.122:INFO:CONSOLE(5)] "GetMessageInputXY 434;411", source: about:blank (5)
[0522/214633.766:INFO:CONSOLE(8)] "GetBtnSendMessageXY 922;469", source: about:blank (8)
[0522/214647.476:INFO:CONSOLE(5)] "GetSearchInputXY 65;73", source: about:blank (5)
[0522/214649.106:INFO:CONSOLE(18)] "StartChatWith Luciano Macario 2", source: about:blank (18)
[0522/214652.152:INFO:CONSOLE(5)] "GetBtnOpenMenuAnexoXY 908;18", source: about:blank (5)
[0522/214654.414:INFO:CONSOLE(5)] "GetBtnAnexaFotoXY 894;74", source: about:blank (5)
[0522/214707.915:INFO:CONSOLE(5)] "GetMessageInputXY 434;411", source: about:blank (5)
[0522/214710.100:INFO:CONSOLE(8)] "GetBtnSendMessageXY 922;469", source: about:blank (8)
[0522/222143.382:ERROR:render_media_log.cc(30)] MediaEvent: MEDIA_ERROR_LOG_ENTRY {"error":"FFmpegDemuxer: open context failed"}
[0522/222143.383:ERROR:render_media_log.cc(30)] MediaEvent: PIPELINE_ERROR DEMUXER_ERROR_COULD_NOT_OPEN
[0522/222240.758:INFO:CONSOLE(5)] "GetSearchInputXY 65;73", source: about:blank (5)
[0522/222243.306:INFO:CONSOLE(18)] "StartChatWith Mauricinho Tel Desconhecido", source: about:blank (18)
[0522/222246.595:INFO:CONSOLE(5)] "GetBtnOpenMenuAnexoXY 908;18", source: about:blank (5)
[0522/222248.985:INFO:CONSOLE(5)] "GetBtnAnexaFotoXY 894;74", source: about:blank (5)
[0522/222305.976:INFO:CONSOLE(5)] "GetMessageInputXY 434;411", source: about:blank (5)
[0522/222309.291:INFO:CONSOLE(8)] "GetBtnSendMessageXY 922;469", source: about:blank (8)
[0522/222323.231:INFO:CONSOLE(5)] "GetSearchInputXY 65;73", source: about:blank (5)
[0522/222326.901:INFO:CONSOLE(18)] "StartChatWith Luciano Macario 2", source: about:blank (18)
[0522/222330.672:INFO:CONSOLE(5)] "GetBtnOpenMenuAnexoXY 908;18", source: about:blank (5)
[0522/222333.132:INFO:CONSOLE(5)] "GetBtnAnexaFotoXY 894;74", source: about:blank (5)
[0522/222348.338:INFO:CONSOLE(5)] "GetMessageInputXY 434;411", source: about:blank (5)
[0522/222350.494:INFO:CONSOLE(8)] "GetBtnSendMessageXY 922;469", source: about:blank (8)
[0522/222532.718:ERROR:cache_util_win.cc(20)] Unable to move the cache: 5
[0522/222532.718:ERROR:cache_util.cc(134)] Unable to move cache folder C:\Users\Isaque\AppData\Local\CEF\GPUCache to C:\Users\Isaque\AppData\Local\CEF\old_GPUCache_000
[0522/222532.719:ERROR:disk_cache.cc(169)] Unable to create cache
[0522/222532.719:ERROR:shader_disk_cache.cc(601)] Shader Cache Creation failed: -2
[0522/222534.748:ERROR:service_worker_storage.cc(1953)] Failed to delete the database: Database operation failed
[0522/222534.752:ERROR:cache_util_win.cc(20)] Unable to move the cache: 5
[0522/222534.752:ERROR:cache_util.cc(134)] Unable to move cache folder C:\Users\Isaque\AppData\Local\CEF\Cache to C:\Users\Isaque\AppData\Local\CEF\old_Cache_000
[0522/222534.752:ERROR:disk_cache.cc(169)] Unable to create cache
[0522/222544.101:ERROR:render_media_log.cc(30)] MediaEvent: MEDIA_ERROR_LOG_ENTRY {"error":"FFmpegDemuxer: open context failed"}
[0522/222544.117:ERROR:render_media_log.cc(30)] MediaEvent: PIPELINE_ERROR DEMUXER_ERROR_COULD_NOT_OPEN
[0522/222544.515:ERROR:leveldb_database.cc(311)] Failed to open LevelDB database from C:\Users\Isaque\AppData\Local\CEF\IndexedDB\https_web.whatsapp.com_0.indexeddb.leveldb,IO error: C:\Users\Isaque\AppData\Local\CEF\IndexedDB\https_web.whatsapp.com_0.indexeddb.leveldb/LOCK: No further details. (ChromeMethodBFE: 15::LockFile::1)
[0522/222544.515:ERROR:indexed_db_backing_store.cc(951)] Unable to open backing store, not trying to recover - IO error: C:\Users\Isaque\AppData\Local\CEF\IndexedDB\https_web.whatsapp.com_0.indexeddb.leveldb/LOCK: No further details. (ChromeMethodBFE: 15::LockFile::1)
[0522/222544.674:ERROR:sandbox_origin_database.cc(195)] SandboxOriginDatabase failed at: Init@../../storage/browser/fileapi/sandbox_origin_database.cc:94 with error: IO error: C:\Users\Isaque\AppData\Local\CEF\File System\Origins/LOCK: No further details. (ChromeMethodBFE: 15::LockFile::1)
[0522/222544.674:WARNING:sandbox_origin_database.cc(106)] Attempting to repair SandboxOriginDatabase.
[0522/222546.524:ERROR:leveldb_database.cc(311)] Failed to open LevelDB database from C:\Users\Isaque\AppData\Local\CEF\IndexedDB\https_web.whatsapp.com_0.indexeddb.leveldb,IO error: C:\Users\Isaque\AppData\Local\CEF\IndexedDB\https_web.whatsapp.com_0.indexeddb.leveldb/LOCK: No further details. (ChromeMethodBFE: 15::LockFile::1)
[0522/222546.524:ERROR:indexed_db_backing_store.cc(951)] Unable to open backing store, not trying to recover - IO error: C:\Users\Isaque\AppData\Local\CEF\IndexedDB\https_web.whatsapp.com_0.indexeddb.leveldb/LOCK: No further details. (ChromeMethodBFE: 15::LockFile::1)
[0522/222547.127:WARNING:value_store_frontend.cc(42)] Reading mhjfbmdgcfjbbpaeojofohoefgiehjai.alarms from  failed: IO error: .../LOCK: No further details. (ChromeMethodBFE: 15::LockFile::1)
[0522/222548.780:WARNING:sandbox_origin_database.cc(137)] Failed to repair SandboxOriginDatabase.
[0522/222550.795:ERROR:sandbox_origin_database.cc(195)] SandboxOriginDatabase failed at: Init@../../storage/browser/fileapi/sandbox_origin_database.cc:94 with error: IO error: C:\Users\Isaque\AppData\Local\CEF\File System\Origins/LOCK: No further details. (ChromeMethodBFE: 15::LockFile::1)
[0522/222550.795:WARNING:sandbox_origin_database.cc(106)] Attempting to repair SandboxOriginDatabase.
[0522/222554.852:WARNING:sandbox_origin_database.cc(137)] Failed to repair SandboxOriginDatabase.
[0522/222556.859:ERROR:sandbox_origin_database.cc(195)] SandboxOriginDatabase failed at: Init@../../storage/browser/fileapi/sandbox_origin_database.cc:94 with error: IO error: C:\Users\Isaque\AppData\Local\CEF\File System\Origins/LOCK: No further details. (ChromeMethodBFE: 15::LockFile::1)
[0522/222556.859:WARNING:sandbox_origin_database.cc(106)] Attempting to repair SandboxOriginDatabase.
[0522/222600.948:WARNING:sandbox_origin_database.cc(137)] Failed to repair SandboxOriginDatabase.
[0522/222602.952:ERROR:sandbox_origin_database.cc(195)] SandboxOriginDatabase failed at: Init@../../storage/browser/fileapi/sandbox_origin_database.cc:94 with error: IO error: C:\Users\Isaque\AppData\Local\CEF\File System\Origins/LOCK: No further details. (ChromeMethodBFE: 15::LockFile::1)
[0522/222602.952:WARNING:sandbox_origin_database.cc(106)] Attempting to repair SandboxOriginDatabase.
[0522/222606.993:WARNING:sandbox_origin_database.cc(137)] Failed to repair SandboxOriginDatabase.
[0522/222700.699:INFO:CONSOLE(5)] "GetSearchInputXY 65;73", source: about:blank (5)
[0522/222705.555:INFO:CONSOLE(5)] "GetBtnOpenMenuAnexoXY 0;0", source: about:blank (5)
[0522/222708.964:INFO:CONSOLE(5)] "GetBtnAnexaFotoXY 0;0", source: about:blank (5)
[0522/222709.260:INFO:CONSOLE(62)] "Uncaught (in promise) NotSupportedError: The element has no supported sources.", source: https://web.whatsapp.com/app2.dc7b5d4ae9c57e0dbe56.js (62)
[0522/222723.727:INFO:CONSOLE(5)] "GetMessageInputXY 0;0", source: about:blank (5)
[0522/222726.727:INFO:CONSOLE(8)] "GetBtnSendMessageXY 0;0", source: about:blank (8)
[0522/222740.095:INFO:CONSOLE(5)] "GetSearchInputXY 65;73", source: about:blank (5)
[0522/222743.926:INFO:CONSOLE(18)] "StartChatWith Luciano Macario 2", source: about:blank (18)
[0522/222744.474:ERROR:render_media_log.cc(30)] MediaEvent: MEDIA_ERROR_LOG_ENTRY {"error":"FFmpegDemuxer: open context failed"}
[0522/222744.474:ERROR:render_media_log.cc(30)] MediaEvent: PIPELINE_ERROR DEMUXER_ERROR_COULD_NOT_OPEN
[0522/222745.087:ERROR:render_media_log.cc(30)] MediaEvent: MEDIA_ERROR_LOG_ENTRY {"error":"FFmpegDemuxer: open context failed"}
[0522/222745.088:ERROR:render_media_log.cc(30)] MediaEvent: PIPELINE_ERROR DEMUXER_ERROR_COULD_NOT_OPEN
[0522/222747.389:INFO:CONSOLE(5)] "GetBtnOpenMenuAnexoXY 908;18", source: about:blank (5)
[0522/222747.688:WARNING:angle_platform_impl.cc(51)] rx::HLSLCompiler::compileToBinary(228): 
C:\fakepath(60,10-53): warning X3571: pow(f, e) will not work for negative f, use abs(f) or conditionally handle negative values if you expect them

[0522/222747.699:WARNING:angle_platform_impl.cc(51)] rx::HLSLCompiler::compileToBinary(228): 
C:\fakepath(60,24-44): warning X3571: pow(f, e) will not work for negative f, use abs(f) or conditionally handle negative values if you expect them

[0522/222750.042:INFO:CONSOLE(5)] "GetBtnAnexaFotoXY 894;74", source: about:blank (5)
[0522/222803.412:INFO:CONSOLE(5)] "GetMessageInputXY 434;411", source: about:blank (5)
[0522/222805.626:INFO:CONSOLE(8)] "GetBtnSendMessageXY 922;469", source: about:blank (8)
[0522/222823.370:INFO:CONSOLE(62)] "Uncaught (in promise) NotSupportedError: The element has no supported sources.", source: https://web.whatsapp.com/app2.dc7b5d4ae9c57e0dbe56.js (62)
[0522/222850.104:INFO:CONSOLE(62)] "Uncaught (in promise) NotSupportedError: The element has no supported sources.", source: https://web.whatsapp.com/app2.dc7b5d4ae9c57e0dbe56.js (62)
[0522/223035.661:INFO:CONSOLE(62)] "Uncaught (in promise) NotSupportedError: The element has no supported sources.", source: https://web.whatsapp.com/app2.dc7b5d4ae9c57e0dbe56.js (62)
[0522/223522.398:INFO:CONSOLE(62)] "Uncaught (in promise) NotSupportedError: The element has no supported sources.", source: https://web.whatsapp.com/app2.dc7b5d4ae9c57e0dbe56.js (62)
[0522/223522.419:INFO:CONSOLE(62)] "Uncaught (in promise) NotSupportedError: The element has no supported sources.", source: https://web.whatsapp.com/app2.dc7b5d4ae9c57e0dbe56.js (62)
[0522/223524.601:INFO:CONSOLE(62)] "Uncaught (in promise) NotSupportedError: The element has no supported sources.", source: https://web.whatsapp.com/app2.dc7b5d4ae9c57e0dbe56.js (62)
[0522/223543.617:INFO:CONSOLE(62)] "Uncaught (in promise) NotSupportedError: The element has no supported sources.", source: https://web.whatsapp.com/app2.dc7b5d4ae9c57e0dbe56.js (62)
[0522/223730.692:INFO:CONSOLE(5)] "GetSearchInputXY 65;73", source: about:blank (5)
[0522/223735.616:INFO:CONSOLE(5)] "GetBtnOpenMenuAnexoXY 908;18", source: about:blank (5)
[0522/223737.902:INFO:CONSOLE(5)] "GetBtnAnexaFotoXY 894;74", source: about:blank (5)
[0522/223752.069:INFO:CONSOLE(5)] "GetMessageInputXY 434;411", source: about:blank (5)
[0522/223755.823:INFO:CONSOLE(8)] "GetBtnSendMessageXY 922;469", source: about:blank (8)
[0522/223810.670:INFO:CONSOLE(5)] "GetSearchInputXY 65;73", source: about:blank (5)
[0522/223812.305:INFO:CONSOLE(18)] "StartChatWith Luciano Macario 2", source: about:blank (18)
[0522/223816.120:INFO:CONSOLE(5)] "GetBtnOpenMenuAnexoXY 908;18", source: about:blank (5)
[0522/223819.640:INFO:CONSOLE(5)] "GetBtnAnexaFotoXY 894;74", source: about:blank (5)
[0522/223833.202:INFO:CONSOLE(5)] "GetMessageInputXY 434;411", source: about:blank (5)
[0522/223834.367:INFO:CONSOLE(62)] "Uncaught (in promise) NotSupportedError: The element has no supported sources.", source: https://web.whatsapp.com/app2.dc7b5d4ae9c57e0dbe56.js (62)
[0522/223836.090:INFO:CONSOLE(8)] "GetBtnSendMessageXY 922;469", source: about:blank (8)
[0522/223849.377:INFO:CONSOLE(5)] "GetSearchInputXY 65;73", source: about:blank (5)
[0522/223853.101:INFO:CONSOLE(18)] "StartChatWith Alex Programador", source: about:blank (18)
[0522/223854.840:INFO:CONSOLE(5)] "GetBtnOpenMenuAnexoXY 908;18", source: about:blank (5)
[0522/223858.279:INFO:CONSOLE(5)] "GetBtnAnexaFotoXY 894;74", source: about:blank (5)
[0522/223913.835:INFO:CONSOLE(5)] "GetMessageInputXY 434;411", source: about:blank (5)
[0522/223917.100:INFO:CONSOLE(8)] "GetBtnSendMessageXY 922;469", source: about:blank (8)
[0522/223931.750:INFO:CONSOLE(5)] "GetSearchInputXY 65;73", source: about:blank (5)
[0522/223934.172:INFO:CONSOLE(18)] "StartChatWith Luciano Macario 2", source: about:blank (18)
[0522/223936.089:INFO:CONSOLE(5)] "GetBtnOpenMenuAnexoXY 908;18", source: about:blank (5)
[0522/223939.373:INFO:CONSOLE(5)] "GetBtnAnexaFotoXY 894;74", source: about:blank (5)
[0522/223954.554:INFO:CONSOLE(5)] "GetMessageInputXY 434;411", source: about:blank (5)
[0522/223957.991:INFO:CONSOLE(8)] "GetBtnSendMessageXY 922;469", source: about:blank (8)
[0522/224212.601:INFO:CONSOLE(62)] "Uncaught (in promise) NotSupportedError: The element has no supported sources.", source: https://web.whatsapp.com/app2.dc7b5d4ae9c57e0dbe56.js (62)
[0522/224214.621:INFO:CONSOLE(62)] "Uncaught (in promise) NotSupportedError: The element has no supported sources.", source: https://web.whatsapp.com/app2.dc7b5d4ae9c57e0dbe56.js (62)
[0522/224217.355:INFO:CONSOLE(62)] "Uncaught (in promise) NotSupportedError: The element has no supported sources.", source: https://web.whatsapp.com/app2.dc7b5d4ae9c57e0dbe56.js (62)
[0522/224354.411:INFO:CONSOLE(62)] "Uncaught (in promise) NotSupportedError: The element has no supported sources.", source: https://web.whatsapp.com/app2.dc7b5d4ae9c57e0dbe56.js (62)
[0522/224354.436:INFO:CONSOLE(62)] "Uncaught (in promise) NotSupportedError: The element has no supported sources.", source: https://web.whatsapp.com/app2.dc7b5d4ae9c57e0dbe56.js (62)
[0522/224354.441:INFO:CONSOLE(62)] "Uncaught (in promise) NotSupportedError: The element has no supported sources.", source: https://web.whatsapp.com/app2.dc7b5d4ae9c57e0dbe56.js (62)
[0522/224419.888:INFO:CONSOLE(62)] "Uncaught (in promise) NotSupportedError: The element has no supported sources.", source: https://web.whatsapp.com/app2.dc7b5d4ae9c57e0dbe56.js (62)
[0522/224419.904:INFO:CONSOLE(62)] "Uncaught (in promise) NotSupportedError: The element has no supported sources.", source: https://web.whatsapp.com/app2.dc7b5d4ae9c57e0dbe56.js (62)
[0522/224419.909:INFO:CONSOLE(62)] "Uncaught (in promise) NotSupportedError: The element has no supported sources.", source: https://web.whatsapp.com/app2.dc7b5d4ae9c57e0dbe56.js (62)
[0522/224452.566:INFO:CONSOLE(62)] "Uncaught (in promise) NotSupportedError: The element has no supported sources.", source: https://web.whatsapp.com/app2.dc7b5d4ae9c57e0dbe56.js (62)
[0522/224735.034:INFO:CONSOLE(62)] "Uncaught (in promise) NotSupportedError: The element has no supported sources.", source: https://web.whatsapp.com/app2.dc7b5d4ae9c57e0dbe56.js (62)
[0522/225804.255:INFO:CONSOLE(62)] "Uncaught (in promise) NotSupportedError: The element has no supported sources.", source: https://web.whatsapp.com/app2.dc7b5d4ae9c57e0dbe56.js (62)
[0522/225845.197:INFO:CONSOLE(62)] "Uncaught (in promise) NotSupportedError: The element has no supported sources.", source: https://web.whatsapp.com/app2.dc7b5d4ae9c57e0dbe56.js (62)
[0522/225903.197:INFO:CONSOLE(62)] "Uncaught (in promise) NotSupportedError: The element has no supported sources.", source: https://web.whatsapp.com/app2.dc7b5d4ae9c57e0dbe56.js (62)
[0522/225907.357:INFO:CONSOLE(62)] "Uncaught (in promise) NotSupportedError: The element has no supported sources.", source: https://web.whatsapp.com/app2.dc7b5d4ae9c57e0dbe56.js (62)
[0522/225920.660:INFO:CONSOLE(62)] "Uncaught (in promise) NotSupportedError: The element has no supported sources.", source: https://web.whatsapp.com/app2.dc7b5d4ae9c57e0dbe56.js (62)
[0522/230046.657:INFO:CONSOLE(62)] "Uncaught (in promise) NotSupportedError: The element has no supported sources.", source: https://web.whatsapp.com/app2.dc7b5d4ae9c57e0dbe56.js (62)
[0522/230053.864:INFO:CONSOLE(62)] "Uncaught (in promise) NotSupportedError: The element has no supported sources.", source: https://web.whatsapp.com/app2.dc7b5d4ae9c57e0dbe56.js (62)
[0522/230107.238:INFO:CONSOLE(62)] "Uncaught (in promise) NotSupportedError: The element has no supported sources.", source: https://web.whatsapp.com/app2.dc7b5d4ae9c57e0dbe56.js (62)
[0522/230109.256:INFO:CONSOLE(62)] "Uncaught (in promise) NotSupportedError: The element has no supported sources.", source: https://web.whatsapp.com/app2.dc7b5d4ae9c57e0dbe56.js (62)
[0522/230111.479:INFO:CONSOLE(62)] "Uncaught (in promise) NotSupportedError: The element has no supported sources.", source: https://web.whatsapp.com/app2.dc7b5d4ae9c57e0dbe56.js (62)
[0522/230140.410:INFO:CONSOLE(62)] "Uncaught (in promise) NotSupportedError: The element has no supported sources.", source: https://web.whatsapp.com/app2.dc7b5d4ae9c57e0dbe56.js (62)
[0522/230240.348:INFO:CONSOLE(62)] "Uncaught (in promise) NotSupportedError: The element has no supported sources.", source: https://web.whatsapp.com/app2.dc7b5d4ae9c57e0dbe56.js (62)
